[0.024s] Invoking command in '/home/man1/ASDfR/build/relbot_simulator': CMAKE_PREFIX_PATH=${CMAKE_PREFIX_PATH}:/opt/ros/jazzy DEBUGINFOD_URLS=https://debuginfod.ubuntu.com /usr/bin/cmake /home/man1/ASDfR/set1/src/relbot_sim -DCMAKE_INSTALL_PREFIX=/home/man1/ASDfR/install/relbot_simulator
[0.161s] -- The C compiler identification is GNU 13.3.0
[0.278s] -- The CXX compiler identification is GNU 13.3.0
[0.305s] -- Detecting C compiler ABI info
[0.442s] -- Detecting C compiler ABI info - done
[0.457s] -- Check for working C compiler: /usr/bin/cc - skipped
[0.457s] -- Detecting C compile features
[0.457s] -- Detecting C compile features - done
[0.470s] -- Detecting CXX compiler ABI info
[0.642s] -- Detecting CXX compiler ABI info - done
[0.652s] -- Check for working CXX compiler: /usr/bin/c++ - skipped
[0.652s] -- Detecting CXX compile features
[0.653s] -- Detecting CXX compile features - done
[0.673s] -- Found ament_cmake: 2.5.3 (/opt/ros/jazzy/share/ament_cmake/cmake)
[0.908s] -- Found Python3: /usr/bin/python3 (found version "3.12.3") found components: Interpreter 
[1.063s] -- Found rclcpp: 28.1.6 (/opt/ros/jazzy/share/rclcpp/cmake)
[1.122s] -- Found rosidl_generator_c: 4.6.5 (/opt/ros/jazzy/share/rosidl_generator_c/cmake)
[1.139s] -- Found rosidl_generator_cpp: 4.6.5 (/opt/ros/jazzy/share/rosidl_generator_cpp/cmake)
[1.164s] -- Using all available rosidl_typesupport_c: rosidl_typesupport_fastrtps_c;rosidl_typesupport_introspection_c
[1.187s] -- Using all available rosidl_typesupport_cpp: rosidl_typesupport_fastrtps_cpp;rosidl_typesupport_introspection_cpp
[1.289s] -- Found rmw_implementation_cmake: 7.3.1 (/opt/ros/jazzy/share/rmw_implementation_cmake/cmake)
[1.293s] -- Found rmw_fastrtps_cpp: 8.4.1 (/opt/ros/jazzy/share/rmw_fastrtps_cpp/cmake)
[1.417s] -- Found OpenSSL: /usr/lib/x86_64-linux-gnu/libcrypto.so (found version "3.0.13")  
[1.443s] -- Found FastRTPS: /opt/ros/jazzy/include (Required is at least version "2.13") 
[1.475s] -- Using RMW implementation 'rmw_fastrtps_cpp' as default
[1.565s] -- Found example_interfaces: 0.12.0 (/opt/ros/jazzy/share/example_interfaces/cmake)
[1.658s] -- Found geometry_msgs: 5.3.5 (/opt/ros/jazzy/share/geometry_msgs/cmake)
[1.699s] -- Found sensor_msgs: 5.3.5 (/opt/ros/jazzy/share/sensor_msgs/cmake)
[1.733s] -- Found OpenCV: /usr (found version "4.6.0") found components: core highgui imgcodecs imgproc videoio 
[1.735s] -- Found cv_bridge: 4.1.0 (/opt/ros/jazzy/share/cv_bridge/cmake)
[1.743s] -- Found ament_lint_auto: 0.17.1 (/opt/ros/jazzy/share/ament_lint_auto/cmake)
[1.942s] -- Added test 'copyright' to check source files copyright and LICENSE
[1.946s] -- Added test 'cppcheck' to perform static code analysis on C / C++ code
[1.946s] -- Configured cppcheck include dirs: /home/man1/ASDfR/set1/src/relbot_sim/include;/home/man1/ASDfR/set1/src/relbot_sim/common;$<BUILD_INTERFACE:/home/man1/ASDfR/set1/src/relbot_sim/include>;$<BUILD_INTERFACE:/home/man1/ASDfR/set1/src/relbot_sim/common>
[1.946s] -- Configured cppcheck exclude dirs and/or files: 
[1.949s] -- Added test 'cpplint' to check C / C++ code against the Google style
[1.949s] -- Configured cpplint exclude dirs and/or files: 
[1.952s] -- Added test 'flake8' to check Python code syntax and style conventions
[1.952s] -- Configured 'flake8' exclude dirs and/or files: 
[1.952s] -- Added test 'lint_cmake' to check CMake code style
[1.953s] -- Added test 'pep257' to check Python code against some of the docstring style conventions in PEP 257
[1.956s] -- Added test 'uncrustify' to check C / C++ code style
[1.956s] -- Configured uncrustify additional arguments: 
[1.959s] -- Added test 'xmllint' to check XML markup files
[1.960s] -- Configuring done (1.9s)
[1.981s] -- Generating done (0.0s)
[1.986s] -- Build files have been written to: /home/man1/ASDfR/build/relbot_simulator
[2.009s] Invoked command in '/home/man1/ASDfR/build/relbot_simulator' returned '0': CMAKE_PREFIX_PATH=${CMAKE_PREFIX_PATH}:/opt/ros/jazzy DEBUGINFOD_URLS=https://debuginfod.ubuntu.com /usr/bin/cmake /home/man1/ASDfR/set1/src/relbot_sim -DCMAKE_INSTALL_PREFIX=/home/man1/ASDfR/install/relbot_simulator
[2.012s] Invoking command in '/home/man1/ASDfR/build/relbot_simulator': CMAKE_PREFIX_PATH=${CMAKE_PREFIX_PATH}:/opt/ros/jazzy DEBUGINFOD_URLS=https://debuginfod.ubuntu.com /usr/bin/cmake --build /home/man1/ASDfR/build/relbot_simulator -- -j12 -l12
[2.054s] -- Found ament_cmake: 2.5.3 (/opt/ros/jazzy/share/ament_cmake/cmake)
[2.339s] -- Found rclcpp: 28.1.6 (/opt/ros/jazzy/share/rclcpp/cmake)
[2.387s] -- Found rosidl_generator_c: 4.6.5 (/opt/ros/jazzy/share/rosidl_generator_c/cmake)
[2.398s] -- Found rosidl_generator_cpp: 4.6.5 (/opt/ros/jazzy/share/rosidl_generator_cpp/cmake)
[2.415s] -- Using all available rosidl_typesupport_c: rosidl_typesupport_fastrtps_c;rosidl_typesupport_introspection_c
[2.438s] -- Using all available rosidl_typesupport_cpp: rosidl_typesupport_fastrtps_cpp;rosidl_typesupport_introspection_cpp
[2.527s] -- Found rmw_implementation_cmake: 7.3.1 (/opt/ros/jazzy/share/rmw_implementation_cmake/cmake)
[2.528s] -- Found rmw_fastrtps_cpp: 8.4.1 (/opt/ros/jazzy/share/rmw_fastrtps_cpp/cmake)
[2.630s] -- Using RMW implementation 'rmw_fastrtps_cpp' as default
[2.729s] -- Found example_interfaces: 0.12.0 (/opt/ros/jazzy/share/example_interfaces/cmake)
[2.809s] -- Found geometry_msgs: 5.3.5 (/opt/ros/jazzy/share/geometry_msgs/cmake)
[2.854s] -- Found sensor_msgs: 5.3.5 (/opt/ros/jazzy/share/sensor_msgs/cmake)
[2.897s] -- Found cv_bridge: 4.1.0 (/opt/ros/jazzy/share/cv_bridge/cmake)
[2.903s] -- Found ament_lint_auto: 0.17.1 (/opt/ros/jazzy/share/ament_lint_auto/cmake)
[3.117s] -- Added test 'copyright' to check source files copyright and LICENSE
[3.121s] -- Added test 'cppcheck' to perform static code analysis on C / C++ code
[3.122s] -- Configured cppcheck include dirs: /home/man1/ASDfR/set1/src/relbot_sim/include;/home/man1/ASDfR/set1/src/relbot_sim/common;$<BUILD_INTERFACE:/home/man1/ASDfR/set1/src/relbot_sim/include>;$<BUILD_INTERFACE:/home/man1/ASDfR/set1/src/relbot_sim/common>
[3.122s] -- Configured cppcheck exclude dirs and/or files: 
[3.129s] -- Added test 'cpplint' to check C / C++ code against the Google style
[3.130s] -- Configured cpplint exclude dirs and/or files: 
[3.132s] -- Added test 'flake8' to check Python code syntax and style conventions
[3.132s] -- Configured 'flake8' exclude dirs and/or files: 
[3.133s] -- Added test 'lint_cmake' to check CMake code style
[3.133s] -- Added test 'pep257' to check Python code against some of the docstring style conventions in PEP 257
[3.136s] -- Added test 'uncrustify' to check C / C++ code style
[3.138s] -- Configured uncrustify additional arguments: 
[3.138s] -- Added test 'xmllint' to check XML markup files
[3.140s] -- Configuring done (1.1s)
[3.171s] -- Generating done (0.0s)
[3.182s] -- Build files have been written to: /home/man1/ASDfR/build/relbot_simulator
[3.289s] gmake[2]: Warning: File '/home/man1/ASDfR/set1/src/relbot_sim/src/relbot_simulator.cpp' has modification time 2133 s in the future
[3.325s] [ 11%] [32mBuilding CXX object CMakeFiles/relbot_simulator.dir/src/Plant.cpp.o[0m
[3.328s] [ 22%] [32mBuilding CXX object CMakeFiles/relbot_simulator.dir/src/relbot_simulator.cpp.o[0m
[3.328s] [ 33%] [32mBuilding CXX object CMakeFiles/relbot_simulator.dir/common/EulerAngles.cpp.o[0m
[3.333s] [ 55%] [32mBuilding CXX object CMakeFiles/relbot_simulator.dir/common/xxinverse.cpp.o[0m
[3.335s] [ 66%] [32mBuilding CXX object CMakeFiles/relbot_simulator.dir/common/xxinteg.cpp.o[0m
[3.347s] [ 77%] [32mBuilding CXX object CMakeFiles/relbot_simulator.dir/common/xxfuncs.cpp.o[0m
[3.347s] [ 77%] [32mBuilding CXX object CMakeFiles/relbot_simulator.dir/common/MotionProfiles.cpp.o[0m
[3.349s] [ 88%] [32mBuilding CXX object CMakeFiles/relbot_simulator.dir/common/xxmatrix.cpp.o[0m
[28.597s] [100%] [32m[1mLinking CXX executable relbot_simulator[0m
[29.928s] gmake[2]: warning:  Clock skew detected.  Your build may be incomplete.
[29.944s] [100%] Built target relbot_simulator
[29.984s] Invoked command in '/home/man1/ASDfR/build/relbot_simulator' returned '0': CMAKE_PREFIX_PATH=${CMAKE_PREFIX_PATH}:/opt/ros/jazzy DEBUGINFOD_URLS=https://debuginfod.ubuntu.com /usr/bin/cmake --build /home/man1/ASDfR/build/relbot_simulator -- -j12 -l12
[29.986s] Invoking command in '/home/man1/ASDfR/build/relbot_simulator': CMAKE_PREFIX_PATH=${CMAKE_PREFIX_PATH}:/opt/ros/jazzy DEBUGINFOD_URLS=https://debuginfod.ubuntu.com /usr/bin/cmake --install /home/man1/ASDfR/build/relbot_simulator
[29.995s] -- Install configuration: ""
[29.995s] -- Installing: /home/man1/ASDfR/install/relbot_simulator/lib/relbot_simulator/relbot_simulator
[30.009s] -- Set non-toolchain portion of runtime path of "/home/man1/ASDfR/install/relbot_simulator/lib/relbot_simulator/relbot_simulator" to ""
[30.009s] -- Installing: /home/man1/ASDfR/install/relbot_simulator/include
[30.009s] -- Installing: /home/man1/ASDfR/install/relbot_simulator/include/EulerAngles.h
[30.009s] -- Installing: /home/man1/ASDfR/install/relbot_simulator/include/xxinverse.h
[30.010s] -- Installing: /home/man1/ASDfR/install/relbot_simulator/include/EulerAngles.cpp
[30.010s] -- Installing: /home/man1/ASDfR/install/relbot_simulator/include/xxinverse.cpp
[30.010s] -- Installing: /home/man1/ASDfR/install/relbot_simulator/include/xxinteg.h
[30.010s] -- Installing: /home/man1/ASDfR/install/relbot_simulator/include/xxinteg.cpp
[30.010s] -- Installing: /home/man1/ASDfR/install/relbot_simulator/include/xxmodel.h
[30.011s] -- Installing: /home/man1/ASDfR/install/relbot_simulator/include/MotionProfiles.h
[30.011s] -- Installing: /home/man1/ASDfR/install/relbot_simulator/include/xxfuncs.h
[30.011s] -- Installing: /home/man1/ASDfR/install/relbot_simulator/include/MotionProfiles.cpp
[30.011s] -- Installing: /home/man1/ASDfR/install/relbot_simulator/include/xxmatrix.cpp
[30.011s] -- Installing: /home/man1/ASDfR/install/relbot_simulator/include/xxtypes.h
[30.011s] -- Installing: /home/man1/ASDfR/install/relbot_simulator/include/xxmatrix.h
[30.011s] -- Installing: /home/man1/ASDfR/install/relbot_simulator/include/xxfuncs.cpp
[30.012s] -- Installing: /home/man1/ASDfR/install/relbot_simulator/share/ament_index/resource_index/package_run_dependencies/relbot_simulator
[30.012s] -- Installing: /home/man1/ASDfR/install/relbot_simulator/share/ament_index/resource_index/parent_prefix_path/relbot_simulator
[30.012s] -- Installing: /home/man1/ASDfR/install/relbot_simulator/share/relbot_simulator/environment/ament_prefix_path.sh
[30.012s] -- Installing: /home/man1/ASDfR/install/relbot_simulator/share/relbot_simulator/environment/ament_prefix_path.dsv
[30.012s] -- Installing: /home/man1/ASDfR/install/relbot_simulator/share/relbot_simulator/environment/path.sh
[30.013s] -- Installing: /home/man1/ASDfR/install/relbot_simulator/share/relbot_simulator/environment/path.dsv
[30.013s] -- Installing: /home/man1/ASDfR/install/relbot_simulator/share/relbot_simulator/local_setup.bash
[30.013s] -- Installing: /home/man1/ASDfR/install/relbot_simulator/share/relbot_simulator/local_setup.sh
[30.013s] -- Installing: /home/man1/ASDfR/install/relbot_simulator/share/relbot_simulator/local_setup.zsh
[30.013s] -- Installing: /home/man1/ASDfR/install/relbot_simulator/share/relbot_simulator/local_setup.dsv
[30.013s] -- Installing: /home/man1/ASDfR/install/relbot_simulator/share/relbot_simulator/package.dsv
[30.014s] -- Installing: /home/man1/ASDfR/install/relbot_simulator/share/ament_index/resource_index/packages/relbot_simulator
[30.014s] -- Installing: /home/man1/ASDfR/install/relbot_simulator/share/relbot_simulator/cmake/relbot_simulatorConfig.cmake
[30.014s] -- Installing: /home/man1/ASDfR/install/relbot_simulator/share/relbot_simulator/cmake/relbot_simulatorConfig-version.cmake
[30.014s] -- Installing: /home/man1/ASDfR/install/relbot_simulator/share/relbot_simulator/package.xml
[30.014s] -- Installing: /home/man1/ASDfR/install/relbot_simulator/share/relbot_simulator//launch
[30.015s] -- Installing: /home/man1/ASDfR/install/relbot_simulator/share/relbot_simulator//launch/relbot_simulator.launch.py
[30.018s] Invoked command in '/home/man1/ASDfR/build/relbot_simulator' returned '0': CMAKE_PREFIX_PATH=${CMAKE_PREFIX_PATH}:/opt/ros/jazzy DEBUGINFOD_URLS=https://debuginfod.ubuntu.com /usr/bin/cmake --install /home/man1/ASDfR/build/relbot_simulator
