-- The C compiler identification is GNU 13.3.0
-- The CXX compiler identification is GNU 13.3.0
-- Detecting C compiler ABI info
-- Detecting C compiler ABI info - done
-- Check for working C compiler: /usr/bin/cc - skipped
-- Detecting C compile features
-- Detecting C compile features - done
-- Detecting CXX compiler ABI info
-- Detecting CXX compiler ABI info - done
-- Check for working CXX compiler: /usr/bin/c++ - skipped
-- Detecting CXX compile features
-- Detecting CXX compile features - done
-- Found ament_cmake: 2.5.3 (/opt/ros/jazzy/share/ament_cmake/cmake)
-- Found Python3: /usr/bin/python3 (found version "3.12.3") found components: Interpreter 
-- Found rclcpp: 28.1.6 (/opt/ros/jazzy/share/rclcpp/cmake)
-- Found rosidl_generator_c: 4.6.5 (/opt/ros/jazzy/share/rosidl_generator_c/cmake)
-- Found rosidl_generator_cpp: 4.6.5 (/opt/ros/jazzy/share/rosidl_generator_cpp/cmake)
-- Using all available rosidl_typesupport_c: rosidl_typesupport_fastrtps_c;rosidl_typesupport_introspection_c
-- Using all available rosidl_typesupport_cpp: rosidl_typesupport_fastrtps_cpp;rosidl_typesupport_introspection_cpp
-- Found rmw_implementation_cmake: 7.3.1 (/opt/ros/jazzy/share/rmw_implementation_cmake/cmake)
-- Found rmw_fastrtps_cpp: 8.4.1 (/opt/ros/jazzy/share/rmw_fastrtps_cpp/cmake)
-- Found OpenSSL: /usr/lib/x86_64-linux-gnu/libcrypto.so (found version "3.0.13")  
-- Found FastRTPS: /opt/ros/jazzy/include (Required is at least version "2.13") 
-- Using RMW implementation 'rmw_fastrtps_cpp' as default
-- Found geometry_msgs: 5.3.5 (/opt/ros/jazzy/share/geometry_msgs/cmake)
-- Found sensor_msgs: 5.3.5 (/opt/ros/jazzy/share/sensor_msgs/cmake)
-- Found example_interfaces: 0.12.0 (/opt/ros/jazzy/share/example_interfaces/cmake)
-- Found OpenCV: /usr (found version "4.6.0") 
-- Found cv_bridge: 4.1.0 (/opt/ros/jazzy/share/cv_bridge/cmake)
-- Configuring done (1.9s)
-- Generating done (0.0s)
-- Build files have been written to: /home/man1/ASDfR/build/asg1_2
[ 16%] [32mBuilding CXX object CMakeFiles/relbot_controller.dir/src/1_2_3.cpp.o[0m
[ 50%] [32mBuilding CXX object CMakeFiles/sequence_controller.dir/src/sequence_controller.cpp.o[0m
[ 50%] [32mBuilding CXX object CMakeFiles/imgsqcontrol.dir/src/imgsqcontrol.cpp.o[0m
[ 66%] [32m[1mLinking CXX executable sequence_controller[0m
[ 66%] Built target sequence_controller
[ 83%] [32m[1mLinking CXX executable imgsqcontrol[0m
[100%] [32m[1mLinking CXX executable relbot_controller[0m
[100%] Built target imgsqcontrol
[100%] Built target relbot_controller
-- Install configuration: ""
-- Installing: /home/man1/ASDfR/install/asg1_2/lib/asg1_2/sequence_controller
-- Set non-toolchain portion of runtime path of "/home/man1/ASDfR/install/asg1_2/lib/asg1_2/sequence_controller" to ""
-- Installing: /home/man1/ASDfR/install/asg1_2/lib/asg1_2/imgsqcontrol
-- Set non-toolchain portion of runtime path of "/home/man1/ASDfR/install/asg1_2/lib/asg1_2/imgsqcontrol" to ""
-- Installing: /home/man1/ASDfR/install/asg1_2/lib/asg1_2/relbot_controller
-- Set non-toolchain portion of runtime path of "/home/man1/ASDfR/install/asg1_2/lib/asg1_2/relbot_controller" to ""
-- Installing: /home/man1/ASDfR/install/asg1_2/share/asg1_2/launch
-- Installing: /home/man1/ASDfR/install/asg1_2/share/asg1_2/launch/start_relbot.launch.py
-- Installing: /home/man1/ASDfR/install/asg1_2/share/ament_index/resource_index/package_run_dependencies/asg1_2
-- Installing: /home/man1/ASDfR/install/asg1_2/share/ament_index/resource_index/parent_prefix_path/asg1_2
-- Installing: /home/man1/ASDfR/install/asg1_2/share/asg1_2/environment/ament_prefix_path.sh
-- Installing: /home/man1/ASDfR/install/asg1_2/share/asg1_2/environment/ament_prefix_path.dsv
-- Installing: /home/man1/ASDfR/install/asg1_2/share/asg1_2/environment/path.sh
-- Installing: /home/man1/ASDfR/install/asg1_2/share/asg1_2/environment/path.dsv
-- Installing: /home/man1/ASDfR/install/asg1_2/share/asg1_2/local_setup.bash
-- Installing: /home/man1/ASDfR/install/asg1_2/share/asg1_2/local_setup.sh
-- Installing: /home/man1/ASDfR/install/asg1_2/share/asg1_2/local_setup.zsh
-- Installing: /home/man1/ASDfR/install/asg1_2/share/asg1_2/local_setup.dsv
-- Installing: /home/man1/ASDfR/install/asg1_2/share/asg1_2/package.dsv
-- Installing: /home/man1/ASDfR/install/asg1_2/share/ament_index/resource_index/packages/asg1_2
-- Installing: /home/man1/ASDfR/install/asg1_2/share/asg1_2/cmake/asg1_2Config.cmake
-- Installing: /home/man1/ASDfR/install/asg1_2/share/asg1_2/cmake/asg1_2Config-version.cmake
-- Installing: /home/man1/ASDfR/install/asg1_2/share/asg1_2/package.xml
