-- The C compiler identification is GNU 13.3.0
-- The CXX compiler identification is GNU 13.3.0
-- Detecting C compiler ABI info
-- Detecting C compiler ABI info - done
-- Check for working C compiler: /usr/bin/cc - skipped
-- Detecting C compile features
-- Detecting C compile features - done
-- Detecting CXX compiler ABI info
-- Detecting CXX compiler ABI info - done
-- Check for working CXX compiler: /usr/bin/c++ - skipped
-- Detecting CXX compile features
-- Detecting CXX compile features - done
-- Found ament_cmake: 2.5.3 (/opt/ros/jazzy/share/ament_cmake/cmake)
-- Found Python3: /usr/bin/python3 (found version "3.12.3") found components: Interpreter 
-- Found rclcpp: 28.1.6 (/opt/ros/jazzy/share/rclcpp/cmake)
-- Found rosidl_generator_c: 4.6.5 (/opt/ros/jazzy/share/rosidl_generator_c/cmake)
-- Found rosidl_generator_cpp: 4.6.5 (/opt/ros/jazzy/share/rosidl_generator_cpp/cmake)
-- Using all available rosidl_typesupport_c: rosidl_typesupport_fastrtps_c;rosidl_typesupport_introspection_c
-- Using all available rosidl_typesupport_cpp: rosidl_typesupport_fastrtps_cpp;rosidl_typesupport_introspection_cpp
-- Found rmw_implementation_cmake: 7.3.1 (/opt/ros/jazzy/share/rmw_implementation_cmake/cmake)
-- Found rmw_fastrtps_cpp: 8.4.1 (/opt/ros/jazzy/share/rmw_fastrtps_cpp/cmake)
-- Found OpenSSL: /usr/lib/x86_64-linux-gnu/libcrypto.so (found version "3.0.13")  
-- Found FastRTPS: /opt/ros/jazzy/include (Required is at least version "2.13") 
-- Using RMW implementation 'rmw_fastrtps_cpp' as default
-- Found std_msgs: 5.3.5 (/opt/ros/jazzy/share/std_msgs/cmake)
-- Found sensor_msgs: 5.3.5 (/opt/ros/jazzy/share/sensor_msgs/cmake)
-- Configuring done (1.7s)
-- Generating done (0.0s)
-- Build files have been written to: /home/man1/ASDfR/build/tracker
-- Found ament_cmake: 2.5.3 (/opt/ros/jazzy/share/ament_cmake/cmake)
-- Found rclcpp: 28.1.6 (/opt/ros/jazzy/share/rclcpp/cmake)
-- Found rosidl_generator_c: 4.6.5 (/opt/ros/jazzy/share/rosidl_generator_c/cmake)
-- Found rosidl_generator_cpp: 4.6.5 (/opt/ros/jazzy/share/rosidl_generator_cpp/cmake)
-- Using all available rosidl_typesupport_c: rosidl_typesupport_fastrtps_c;rosidl_typesupport_introspection_c
-- Using all available rosidl_typesupport_cpp: rosidl_typesupport_fastrtps_cpp;rosidl_typesupport_introspection_cpp
-- Found rmw_implementation_cmake: 7.3.1 (/opt/ros/jazzy/share/rmw_implementation_cmake/cmake)
-- Found rmw_fastrtps_cpp: 8.4.1 (/opt/ros/jazzy/share/rmw_fastrtps_cpp/cmake)
-- Using RMW implementation 'rmw_fastrtps_cpp' as default
-- Found std_msgs: 5.3.5 (/opt/ros/jazzy/share/std_msgs/cmake)
-- Found sensor_msgs: 5.3.5 (/opt/ros/jazzy/share/sensor_msgs/cmake)
-- Configuring done (0.9s)
-- Generating done (0.0s)
-- Build files have been written to: /home/man1/ASDfR/build/tracker
[ 50%] [32mBuilding CXX object CMakeFiles/tracker.dir/src/tracker.cpp.o[0m
[100%] [32m[1mLinking CXX executable tracker[0m
[100%] Built target tracker
-- Install configuration: ""
-- Installing: /home/man1/ASDfR/install/tracker/lib/tracker/tracker
-- Set non-toolchain portion of runtime path of "/home/man1/ASDfR/install/tracker/lib/tracker/tracker" to ""
-- Installing: /home/man1/ASDfR/install/tracker/share/ament_index/resource_index/package_run_dependencies/tracker
-- Installing: /home/man1/ASDfR/install/tracker/share/ament_index/resource_index/parent_prefix_path/tracker
-- Installing: /home/man1/ASDfR/install/tracker/share/tracker/environment/ament_prefix_path.sh
-- Installing: /home/man1/ASDfR/install/tracker/share/tracker/environment/ament_prefix_path.dsv
-- Installing: /home/man1/ASDfR/install/tracker/share/tracker/environment/path.sh
-- Installing: /home/man1/ASDfR/install/tracker/share/tracker/environment/path.dsv
-- Installing: /home/man1/ASDfR/install/tracker/share/tracker/local_setup.bash
-- Installing: /home/man1/ASDfR/install/tracker/share/tracker/local_setup.sh
-- Installing: /home/man1/ASDfR/install/tracker/share/tracker/local_setup.zsh
-- Installing: /home/man1/ASDfR/install/tracker/share/tracker/local_setup.dsv
-- Installing: /home/man1/ASDfR/install/tracker/share/tracker/package.dsv
-- Installing: /home/man1/ASDfR/install/tracker/share/ament_index/resource_index/packages/tracker
-- Installing: /home/man1/ASDfR/install/tracker/share/tracker/cmake/trackerConfig.cmake
-- Installing: /home/man1/ASDfR/install/tracker/share/tracker/cmake/trackerConfig-version.cmake
-- Installing: /home/man1/ASDfR/install/tracker/share/tracker/package.xml
