[0.027s] Invoking command in '/home/man1/ASDfR/build/cam2image_vm2ros': CMAKE_PREFIX_PATH=${CMAKE_PREFIX_PATH}:/opt/ros/jazzy DEBUGINFOD_URLS=https://debuginfod.ubuntu.com /usr/bin/cmake /home/man1/ASDfR/set1/src/cam2image_vm2ros -DCMAKE_INSTALL_PREFIX=/home/man1/ASDfR/install/cam2image_vm2ros
[0.172s] -- The C compiler identification is GNU 13.3.0
[0.303s] -- The CXX compiler identification is GNU 13.3.0
[0.326s] -- Detecting C compiler ABI info
[0.463s] -- Detecting C compiler ABI info - done
[0.475s] -- Check for working C compiler: /usr/bin/cc - skipped
[0.475s] -- Detecting C compile features
[0.476s] -- Detecting C compile features - done
[0.487s] -- Detecting CXX compiler ABI info
[0.667s] -- Detecting CXX compiler ABI info - done
[0.677s] -- Check for working CXX compiler: /usr/bin/c++ - skipped
[0.677s] -- Detecting CXX compile features
[0.677s] -- Detecting CXX compile features - done
[0.685s] -- Found ament_cmake: 2.5.3 (/opt/ros/jazzy/share/ament_cmake/cmake)
[0.930s] -- Found Python3: /usr/bin/python3 (found version "3.12.3") found components: Interpreter 
[1.075s] -- Found rclcpp: 28.1.6 (/opt/ros/jazzy/share/rclcpp/cmake)
[1.134s] -- Found rosidl_generator_c: 4.6.5 (/opt/ros/jazzy/share/rosidl_generator_c/cmake)
[1.154s] -- Found rosidl_generator_cpp: 4.6.5 (/opt/ros/jazzy/share/rosidl_generator_cpp/cmake)
[1.175s] -- Using all available rosidl_typesupport_c: rosidl_typesupport_fastrtps_c;rosidl_typesupport_introspection_c
[1.198s] -- Using all available rosidl_typesupport_cpp: rosidl_typesupport_fastrtps_cpp;rosidl_typesupport_introspection_cpp
[1.301s] -- Found rmw_implementation_cmake: 7.3.1 (/opt/ros/jazzy/share/rmw_implementation_cmake/cmake)
[1.306s] -- Found rmw_fastrtps_cpp: 8.4.1 (/opt/ros/jazzy/share/rmw_fastrtps_cpp/cmake)
[1.429s] -- Found OpenSSL: /usr/lib/x86_64-linux-gnu/libcrypto.so (found version "3.0.13")  
[1.454s] -- Found FastRTPS: /opt/ros/jazzy/include (Required is at least version "2.13") 
[1.484s] -- Using RMW implementation 'rmw_fastrtps_cpp' as default
[1.576s] -- Found rclcpp_components: 28.1.6 (/opt/ros/jazzy/share/rclcpp_components/cmake)
[1.624s] -- Found sensor_msgs: 5.3.5 (/opt/ros/jazzy/share/sensor_msgs/cmake)
[1.701s] -- Found cv_bridge: 4.1.0 (/opt/ros/jazzy/share/cv_bridge/cmake)
[1.721s] -- Found OpenCV: /usr (found version "4.6.0") found components: core highgui imgcodecs imgproc videoio 
[1.899s] -- Configuring done (1.9s)
[1.927s] -- Generating done (0.0s)
[1.935s] -- Build files have been written to: /home/man1/ASDfR/build/cam2image_vm2ros
[1.961s] Invoked command in '/home/man1/ASDfR/build/cam2image_vm2ros' returned '0': CMAKE_PREFIX_PATH=${CMAKE_PREFIX_PATH}:/opt/ros/jazzy DEBUGINFOD_URLS=https://debuginfod.ubuntu.com /usr/bin/cmake /home/man1/ASDfR/set1/src/cam2image_vm2ros -DCMAKE_INSTALL_PREFIX=/home/man1/ASDfR/install/cam2image_vm2ros
[1.962s] Invoking command in '/home/man1/ASDfR/build/cam2image_vm2ros': CMAKE_PREFIX_PATH=${CMAKE_PREFIX_PATH}:/opt/ros/jazzy DEBUGINFOD_URLS=https://debuginfod.ubuntu.com /usr/bin/cmake --build /home/man1/ASDfR/build/cam2image_vm2ros -- -j12 -l12
[2.006s] -- Found ament_cmake: 2.5.3 (/opt/ros/jazzy/share/ament_cmake/cmake)
[2.306s] -- Found rclcpp: 28.1.6 (/opt/ros/jazzy/share/rclcpp/cmake)
[2.342s] -- Found rosidl_generator_c: 4.6.5 (/opt/ros/jazzy/share/rosidl_generator_c/cmake)
[2.354s] -- Found rosidl_generator_cpp: 4.6.5 (/opt/ros/jazzy/share/rosidl_generator_cpp/cmake)
[2.370s] -- Using all available rosidl_typesupport_c: rosidl_typesupport_fastrtps_c;rosidl_typesupport_introspection_c
[2.388s] -- Using all available rosidl_typesupport_cpp: rosidl_typesupport_fastrtps_cpp;rosidl_typesupport_introspection_cpp
[2.478s] -- Found rmw_implementation_cmake: 7.3.1 (/opt/ros/jazzy/share/rmw_implementation_cmake/cmake)
[2.480s] -- Found rmw_fastrtps_cpp: 8.4.1 (/opt/ros/jazzy/share/rmw_fastrtps_cpp/cmake)
[2.580s] -- Using RMW implementation 'rmw_fastrtps_cpp' as default
[2.695s] -- Found rclcpp_components: 28.1.6 (/opt/ros/jazzy/share/rclcpp_components/cmake)
[2.745s] -- Found sensor_msgs: 5.3.5 (/opt/ros/jazzy/share/sensor_msgs/cmake)
[2.847s] -- Found cv_bridge: 4.1.0 (/opt/ros/jazzy/share/cv_bridge/cmake)
[3.096s] -- Configuring done (1.1s)
[3.146s] -- Generating done (0.0s)
[3.157s] -- Build files have been written to: /home/man1/ASDfR/build/cam2image_vm2ros
[3.238s] gmake[2]: Warning: File '/home/man1/ASDfR/set1/src/cam2image_vm2ros/src/remote_capture.cpp' has modification time 2133 s in the future
[3.259s] [ 20%] [32mBuilding CXX object CMakeFiles/cam2image.dir/rclcpp_components/node_main_cam2image.cpp.o[0m
[3.262s] [ 40%] [32mBuilding CXX object CMakeFiles/cam2image_vm2ros.dir/src/cam2image.cpp.o[0m
[3.270s] [ 60%] [32mBuilding CXX object CMakeFiles/cam2image_vm2ros.dir/src/remote_capture.cpp.o[0m
[10.054s] [ 80%] [32m[1mLinking CXX executable cam2image[0m
[10.767s] [ 80%] Built target cam2image
[25.280s] [100%] [32m[1mLinking CXX shared library libcam2image_vm2ros.so[0m
[26.029s] gmake[2]: warning:  Clock skew detected.  Your build may be incomplete.
[26.046s] [100%] Built target cam2image_vm2ros
[26.082s] Invoked command in '/home/man1/ASDfR/build/cam2image_vm2ros' returned '0': CMAKE_PREFIX_PATH=${CMAKE_PREFIX_PATH}:/opt/ros/jazzy DEBUGINFOD_URLS=https://debuginfod.ubuntu.com /usr/bin/cmake --build /home/man1/ASDfR/build/cam2image_vm2ros -- -j12 -l12
[26.084s] Invoking command in '/home/man1/ASDfR/build/cam2image_vm2ros': CMAKE_PREFIX_PATH=${CMAKE_PREFIX_PATH}:/opt/ros/jazzy DEBUGINFOD_URLS=https://debuginfod.ubuntu.com /usr/bin/cmake --install /home/man1/ASDfR/build/cam2image_vm2ros
[26.093s] -- Install configuration: ""
[26.093s] -- Installing: /home/man1/ASDfR/install/cam2image_vm2ros/lib/cam2image_vm2ros/cam2image
[26.094s] -- Set non-toolchain portion of runtime path of "/home/man1/ASDfR/install/cam2image_vm2ros/lib/cam2image_vm2ros/cam2image" to ""
[26.094s] -- Installing: /home/man1/ASDfR/install/cam2image_vm2ros/lib/libcam2image_vm2ros.so
[26.103s] -- Set non-toolchain portion of runtime path of "/home/man1/ASDfR/install/cam2image_vm2ros/lib/libcam2image_vm2ros.so" to ""
[26.104s] -- Installing: /home/man1/ASDfR/install/cam2image_vm2ros/include/cam2image_vm2ros
[26.104s] -- Installing: /home/man1/ASDfR/install/cam2image_vm2ros/include/cam2image_vm2ros/base64.hpp
[26.104s] -- Installing: /home/man1/ASDfR/install/cam2image_vm2ros/include/cam2image_vm2ros/cam2image.hpp
[26.104s] -- Installing: /home/man1/ASDfR/install/cam2image_vm2ros/include/cam2image_vm2ros/visibility_control.h
[26.104s] -- Installing: /home/man1/ASDfR/install/cam2image_vm2ros/include/cam2image_vm2ros/remote_capture.hpp
[26.105s] -- Installing: /home/man1/ASDfR/install/cam2image_vm2ros/share/cam2image_vm2ros/environment/library_path.sh
[26.105s] -- Installing: /home/man1/ASDfR/install/cam2image_vm2ros/share/cam2image_vm2ros/environment/library_path.dsv
[26.106s] -- Installing: /home/man1/ASDfR/install/cam2image_vm2ros/share/ament_index/resource_index/package_run_dependencies/cam2image_vm2ros
[26.106s] -- Installing: /home/man1/ASDfR/install/cam2image_vm2ros/share/ament_index/resource_index/parent_prefix_path/cam2image_vm2ros
[26.106s] -- Installing: /home/man1/ASDfR/install/cam2image_vm2ros/share/cam2image_vm2ros/environment/ament_prefix_path.sh
[26.106s] -- Installing: /home/man1/ASDfR/install/cam2image_vm2ros/share/cam2image_vm2ros/environment/ament_prefix_path.dsv
[26.107s] -- Installing: /home/man1/ASDfR/install/cam2image_vm2ros/share/cam2image_vm2ros/environment/path.sh
[26.107s] -- Installing: /home/man1/ASDfR/install/cam2image_vm2ros/share/cam2image_vm2ros/environment/path.dsv
[26.107s] -- Installing: /home/man1/ASDfR/install/cam2image_vm2ros/share/cam2image_vm2ros/local_setup.bash
[26.107s] -- Installing: /home/man1/ASDfR/install/cam2image_vm2ros/share/cam2image_vm2ros/local_setup.sh
[26.108s] -- Installing: /home/man1/ASDfR/install/cam2image_vm2ros/share/cam2image_vm2ros/local_setup.zsh
[26.108s] -- Installing: /home/man1/ASDfR/install/cam2image_vm2ros/share/cam2image_vm2ros/local_setup.dsv
[26.108s] -- Installing: /home/man1/ASDfR/install/cam2image_vm2ros/share/cam2image_vm2ros/package.dsv
[26.108s] -- Installing: /home/man1/ASDfR/install/cam2image_vm2ros/share/ament_index/resource_index/packages/cam2image_vm2ros
[26.109s] -- Installing: /home/man1/ASDfR/install/cam2image_vm2ros/share/ament_index/resource_index/rclcpp_components/cam2image_vm2ros
[26.109s] -- Installing: /home/man1/ASDfR/install/cam2image_vm2ros/share/cam2image_vm2ros/cmake/cam2image_vm2rosExport.cmake
[26.109s] -- Installing: /home/man1/ASDfR/install/cam2image_vm2ros/share/cam2image_vm2ros/cmake/cam2image_vm2rosExport-noconfig.cmake
[26.109s] -- Installing: /home/man1/ASDfR/install/cam2image_vm2ros/share/cam2image_vm2ros/cmake/ament_cmake_export_libraries-extras.cmake
[26.110s] -- Installing: /home/man1/ASDfR/install/cam2image_vm2ros/share/cam2image_vm2ros/cmake/ament_cmake_export_targets-extras.cmake
[26.110s] -- Installing: /home/man1/ASDfR/install/cam2image_vm2ros/share/cam2image_vm2ros/cmake/ament_cmake_export_dependencies-extras.cmake
[26.110s] -- Installing: /home/man1/ASDfR/install/cam2image_vm2ros/share/cam2image_vm2ros/cmake/cam2image_vm2rosConfig.cmake
[26.111s] -- Installing: /home/man1/ASDfR/install/cam2image_vm2ros/share/cam2image_vm2ros/cmake/cam2image_vm2rosConfig-version.cmake
[26.111s] -- Installing: /home/man1/ASDfR/install/cam2image_vm2ros/share/cam2image_vm2ros/package.xml
[26.114s] Invoked command in '/home/man1/ASDfR/build/cam2image_vm2ros' returned '0': CMAKE_PREFIX_PATH=${CMAKE_PREFIX_PATH}:/opt/ros/jazzy DEBUGINFOD_URLS=https://debuginfod.ubuntu.com /usr/bin/cmake --install /home/man1/ASDfR/build/cam2image_vm2ros
