[0.201s] DEBUG:colcon:Command line arguments: ['/usr/bin/colcon', 'build']
[0.201s] DEBUG:colcon:Parsed command line arguments: Namespace(log_base=None, log_level=None, verb_name='build', build_base='build', install_base='install', merge_install=False, symlink_install=False, test_result_base=None, continue_on_error=False, executor='parallel', parallel_workers=12, event_handlers=None, ignore_user_meta=False, metas=['./colcon.meta'], base_paths=['.'], packages_ignore=None, packages_ignore_regex=None, paths=None, packages_up_to=None, packages_up_to_regex=None, packages_above=None, packages_above_and_dependencies=None, packages_above_depth=None, packages_select_by_dep=None, packages_skip_by_dep=None, packages_skip_up_to=None, packages_select_build_failed=False, packages_skip_build_finished=False, packages_select_test_failures=False, packages_skip_test_passed=False, packages_select=None, packages_skip=None, packages_select_regex=None, packages_skip_regex=None, packages_start=None, packages_end=None, allow_overriding=[], cmake_args=None, cmake_target=None, cmake_target_skip_unavailable=False, cmake_clean_cache=False, cmake_clean_first=False, cmake_force_configure=False, ament_cmake_args=None, catkin_cmake_args=None, catkin_skip_building_tests=False, verb_parser=<colcon_defaults.argument_parser.defaults.DefaultArgumentsDecorator object at 0x7ec43f6d6660>, verb_extension=<colcon_core.verb.build.BuildVerb object at 0x7ec43f8a9f40>, main=<bound method BuildVerb.main of <colcon_core.verb.build.BuildVerb object at 0x7ec43f8a9f40>>)
[0.249s] Level 1:colcon.colcon_core.package_discovery:discover_packages(colcon_meta) check parameters
[0.250s] Level 1:colcon.colcon_core.package_discovery:discover_packages(recursive) check parameters
[0.250s] Level 1:colcon.colcon_core.package_discovery:discover_packages(ignore) check parameters
[0.250s] Level 1:colcon.colcon_core.package_discovery:discover_packages(path) check parameters
[0.250s] Level 1:colcon.colcon_core.package_discovery:discover_packages(colcon_meta) discover
[0.250s] Level 1:colcon.colcon_core.package_discovery:discover_packages(recursive) discover
[0.250s] INFO:colcon.colcon_core.package_discovery:Crawling recursively for packages in '/home/man1/ASDfR'
[0.250s] Level 1:colcon.colcon_core.package_identification:_identify(.) by extensions ['ignore', 'ignore_ament_install']
[0.250s] Level 1:colcon.colcon_core.package_identification:_identify(.) by extension 'ignore'
[0.250s] Level 1:colcon.colcon_core.package_identification:_identify(.) by extension 'ignore_ament_install'
[0.250s] Level 1:colcon.colcon_core.package_identification:_identify(.) by extensions ['colcon_pkg']
[0.250s] Level 1:colcon.colcon_core.package_identification:_identify(.) by extension 'colcon_pkg'
[0.250s] Level 1:colcon.colcon_core.package_identification:_identify(.) by extensions ['colcon_meta']
[0.250s] Level 1:colcon.colcon_core.package_identification:_identify(.) by extension 'colcon_meta'
[0.250s] Level 1:colcon.colcon_core.package_identification:_identify(.) by extensions ['ros']
[0.250s] Level 1:colcon.colcon_core.package_identification:_identify(.) by extension 'ros'
[0.278s] Level 1:colcon.colcon_core.package_identification:_identify(.) by extensions ['cmake', 'python']
[0.278s] Level 1:colcon.colcon_core.package_identification:_identify(.) by extension 'cmake'
[0.278s] Level 1:colcon.colcon_core.package_identification:_identify(.) by extension 'python'
[0.278s] Level 1:colcon.colcon_core.package_identification:_identify(.) by extensions ['python_setup_py']
[0.278s] Level 1:colcon.colcon_core.package_identification:_identify(.) by extension 'python_setup_py'
[0.278s] Level 1:colcon.colcon_core.package_identification:_identify(build) by extensions ['ignore', 'ignore_ament_install']
[0.278s] Level 1:colcon.colcon_core.package_identification:_identify(build) by extension 'ignore'
[0.278s] Level 1:colcon.colcon_core.package_identification:_identify(build) ignored
[0.278s] Level 1:colcon.colcon_core.package_identification:_identify(install) by extensions ['ignore', 'ignore_ament_install']
[0.278s] Level 1:colcon.colcon_core.package_identification:_identify(install) by extension 'ignore'
[0.278s] Level 1:colcon.colcon_core.package_identification:_identify(install) ignored
[0.278s] Level 1:colcon.colcon_core.package_identification:_identify(log) by extensions ['ignore', 'ignore_ament_install']
[0.278s] Level 1:colcon.colcon_core.package_identification:_identify(log) by extension 'ignore'
[0.278s] Level 1:colcon.colcon_core.package_identification:_identify(log) ignored
[0.278s] Level 1:colcon.colcon_core.package_identification:_identify(set1) by extensions ['ignore', 'ignore_ament_install']
[0.279s] Level 1:colcon.colcon_core.package_identification:_identify(set1) by extension 'ignore'
[0.279s] Level 1:colcon.colcon_core.package_identification:_identify(set1) by extension 'ignore_ament_install'
[0.279s] Level 1:colcon.colcon_core.package_identification:_identify(set1) by extensions ['colcon_pkg']
[0.279s] Level 1:colcon.colcon_core.package_identification:_identify(set1) by extension 'colcon_pkg'
[0.279s] Level 1:colcon.colcon_core.package_identification:_identify(set1) by extensions ['colcon_meta']
[0.279s] Level 1:colcon.colcon_core.package_identification:_identify(set1) by extension 'colcon_meta'
[0.279s] Level 1:colcon.colcon_core.package_identification:_identify(set1) by extensions ['ros']
[0.279s] Level 1:colcon.colcon_core.package_identification:_identify(set1) by extension 'ros'
[0.279s] Level 1:colcon.colcon_core.package_identification:_identify(set1) by extensions ['cmake', 'python']
[0.279s] Level 1:colcon.colcon_core.package_identification:_identify(set1) by extension 'cmake'
[0.279s] Level 1:colcon.colcon_core.package_identification:_identify(set1) by extension 'python'
[0.279s] Level 1:colcon.colcon_core.package_identification:_identify(set1) by extensions ['python_setup_py']
[0.279s] Level 1:colcon.colcon_core.package_identification:_identify(set1) by extension 'python_setup_py'
[0.279s] Level 1:colcon.colcon_core.package_identification:_identify(set1/answers) by extensions ['ignore', 'ignore_ament_install']
[0.279s] Level 1:colcon.colcon_core.package_identification:_identify(set1/answers) by extension 'ignore'
[0.279s] Level 1:colcon.colcon_core.package_identification:_identify(set1/answers) by extension 'ignore_ament_install'
[0.279s] Level 1:colcon.colcon_core.package_identification:_identify(set1/answers) by extensions ['colcon_pkg']
[0.279s] Level 1:colcon.colcon_core.package_identification:_identify(set1/answers) by extension 'colcon_pkg'
[0.279s] Level 1:colcon.colcon_core.package_identification:_identify(set1/answers) by extensions ['colcon_meta']
[0.279s] Level 1:colcon.colcon_core.package_identification:_identify(set1/answers) by extension 'colcon_meta'
[0.279s] Level 1:colcon.colcon_core.package_identification:_identify(set1/answers) by extensions ['ros']
[0.279s] Level 1:colcon.colcon_core.package_identification:_identify(set1/answers) by extension 'ros'
[0.279s] Level 1:colcon.colcon_core.package_identification:_identify(set1/answers) by extensions ['cmake', 'python']
[0.279s] Level 1:colcon.colcon_core.package_identification:_identify(set1/answers) by extension 'cmake'
[0.280s] Level 1:colcon.colcon_core.package_identification:_identify(set1/answers) by extension 'python'
[0.280s] Level 1:colcon.colcon_core.package_identification:_identify(set1/answers) by extensions ['python_setup_py']
[0.280s] Level 1:colcon.colcon_core.package_identification:_identify(set1/answers) by extension 'python_setup_py'
[0.280s] Level 1:colcon.colcon_core.package_identification:_identify(set1/src) by extensions ['ignore', 'ignore_ament_install']
[0.280s] Level 1:colcon.colcon_core.package_identification:_identify(set1/src) by extension 'ignore'
[0.280s] Level 1:colcon.colcon_core.package_identification:_identify(set1/src) by extension 'ignore_ament_install'
[0.280s] Level 1:colcon.colcon_core.package_identification:_identify(set1/src) by extensions ['colcon_pkg']
[0.280s] Level 1:colcon.colcon_core.package_identification:_identify(set1/src) by extension 'colcon_pkg'
[0.280s] Level 1:colcon.colcon_core.package_identification:_identify(set1/src) by extensions ['colcon_meta']
[0.280s] Level 1:colcon.colcon_core.package_identification:_identify(set1/src) by extension 'colcon_meta'
[0.280s] Level 1:colcon.colcon_core.package_identification:_identify(set1/src) by extensions ['ros']
[0.280s] Level 1:colcon.colcon_core.package_identification:_identify(set1/src) by extension 'ros'
[0.280s] Level 1:colcon.colcon_core.package_identification:_identify(set1/src) by extensions ['cmake', 'python']
[0.280s] Level 1:colcon.colcon_core.package_identification:_identify(set1/src) by extension 'cmake'
[0.280s] Level 1:colcon.colcon_core.package_identification:_identify(set1/src) by extension 'python'
[0.280s] Level 1:colcon.colcon_core.package_identification:_identify(set1/src) by extensions ['python_setup_py']
[0.280s] Level 1:colcon.colcon_core.package_identification:_identify(set1/src) by extension 'python_setup_py'
[0.280s] Level 1:colcon.colcon_core.package_identification:_identify(set1/src/asg1_2) by extensions ['ignore', 'ignore_ament_install']
[0.280s] Level 1:colcon.colcon_core.package_identification:_identify(set1/src/asg1_2) by extension 'ignore'
[0.280s] Level 1:colcon.colcon_core.package_identification:_identify(set1/src/asg1_2) by extension 'ignore_ament_install'
[0.280s] Level 1:colcon.colcon_core.package_identification:_identify(set1/src/asg1_2) by extensions ['colcon_pkg']
[0.280s] Level 1:colcon.colcon_core.package_identification:_identify(set1/src/asg1_2) by extension 'colcon_pkg'
[0.281s] Level 1:colcon.colcon_core.package_identification:_identify(set1/src/asg1_2) by extensions ['colcon_meta']
[0.281s] Level 1:colcon.colcon_core.package_identification:_identify(set1/src/asg1_2) by extension 'colcon_meta'
[0.281s] Level 1:colcon.colcon_core.package_identification:_identify(set1/src/asg1_2) by extensions ['ros']
[0.281s] Level 1:colcon.colcon_core.package_identification:_identify(set1/src/asg1_2) by extension 'ros'
[0.284s] DEBUG:colcon.colcon_core.package_identification:Package 'set1/src/asg1_2' with type 'ros.ament_cmake' and name 'asg1_2'
[0.284s] Level 1:colcon.colcon_core.package_identification:_identify(set1/src/cam2image_host2vm) by extensions ['ignore', 'ignore_ament_install']
[0.284s] Level 1:colcon.colcon_core.package_identification:_identify(set1/src/cam2image_host2vm) by extension 'ignore'
[0.284s] Level 1:colcon.colcon_core.package_identification:_identify(set1/src/cam2image_host2vm) by extension 'ignore_ament_install'
[0.284s] Level 1:colcon.colcon_core.package_identification:_identify(set1/src/cam2image_host2vm) by extensions ['colcon_pkg']
[0.284s] Level 1:colcon.colcon_core.package_identification:_identify(set1/src/cam2image_host2vm) by extension 'colcon_pkg'
[0.284s] Level 1:colcon.colcon_core.package_identification:_identify(set1/src/cam2image_host2vm) by extensions ['colcon_meta']
[0.284s] Level 1:colcon.colcon_core.package_identification:_identify(set1/src/cam2image_host2vm) by extension 'colcon_meta'
[0.284s] Level 1:colcon.colcon_core.package_identification:_identify(set1/src/cam2image_host2vm) by extensions ['ros']
[0.284s] Level 1:colcon.colcon_core.package_identification:_identify(set1/src/cam2image_host2vm) by extension 'ros'
[0.285s] Level 1:colcon.colcon_core.package_identification:_identify(set1/src/cam2image_host2vm) by extensions ['cmake', 'python']
[0.285s] Level 1:colcon.colcon_core.package_identification:_identify(set1/src/cam2image_host2vm) by extension 'cmake'
[0.285s] Level 1:colcon.colcon_core.package_identification:_identify(set1/src/cam2image_host2vm) by extension 'python'
[0.285s] Level 1:colcon.colcon_core.package_identification:_identify(set1/src/cam2image_host2vm) by extensions ['python_setup_py']
[0.285s] Level 1:colcon.colcon_core.package_identification:_identify(set1/src/cam2image_host2vm) by extension 'python_setup_py'
[0.285s] Level 1:colcon.colcon_core.package_identification:_identify(set1/src/cam2image_vm2ros) by extensions ['ignore', 'ignore_ament_install']
[0.285s] Level 1:colcon.colcon_core.package_identification:_identify(set1/src/cam2image_vm2ros) by extension 'ignore'
[0.285s] Level 1:colcon.colcon_core.package_identification:_identify(set1/src/cam2image_vm2ros) by extension 'ignore_ament_install'
[0.285s] Level 1:colcon.colcon_core.package_identification:_identify(set1/src/cam2image_vm2ros) by extensions ['colcon_pkg']
[0.285s] Level 1:colcon.colcon_core.package_identification:_identify(set1/src/cam2image_vm2ros) by extension 'colcon_pkg'
[0.285s] Level 1:colcon.colcon_core.package_identification:_identify(set1/src/cam2image_vm2ros) by extensions ['colcon_meta']
[0.285s] Level 1:colcon.colcon_core.package_identification:_identify(set1/src/cam2image_vm2ros) by extension 'colcon_meta'
[0.285s] Level 1:colcon.colcon_core.package_identification:_identify(set1/src/cam2image_vm2ros) by extensions ['ros']
[0.285s] Level 1:colcon.colcon_core.package_identification:_identify(set1/src/cam2image_vm2ros) by extension 'ros'
[0.286s] DEBUG:colcon.colcon_core.package_identification:Package 'set1/src/cam2image_vm2ros' with type 'ros.ament_cmake' and name 'cam2image_vm2ros'
[0.286s] Level 1:colcon.colcon_core.package_identification:_identify(set1/src/filterer) by extensions ['ignore', 'ignore_ament_install']
[0.286s] Level 1:colcon.colcon_core.package_identification:_identify(set1/src/filterer) by extension 'ignore'
[0.286s] Level 1:colcon.colcon_core.package_identification:_identify(set1/src/filterer) by extension 'ignore_ament_install'
[0.286s] Level 1:colcon.colcon_core.package_identification:_identify(set1/src/filterer) by extensions ['colcon_pkg']
[0.286s] Level 1:colcon.colcon_core.package_identification:_identify(set1/src/filterer) by extension 'colcon_pkg'
[0.286s] Level 1:colcon.colcon_core.package_identification:_identify(set1/src/filterer) by extensions ['colcon_meta']
[0.286s] Level 1:colcon.colcon_core.package_identification:_identify(set1/src/filterer) by extension 'colcon_meta'
[0.286s] Level 1:colcon.colcon_core.package_identification:_identify(set1/src/filterer) by extensions ['ros']
[0.286s] Level 1:colcon.colcon_core.package_identification:_identify(set1/src/filterer) by extension 'ros'
[0.287s] DEBUG:colcon.colcon_core.package_identification:Package 'set1/src/filterer' with type 'ros.ament_cmake' and name 'filterer'
[0.287s] Level 1:colcon.colcon_core.package_identification:_identify(set1/src/light_detector) by extensions ['ignore', 'ignore_ament_install']
[0.287s] Level 1:colcon.colcon_core.package_identification:_identify(set1/src/light_detector) by extension 'ignore'
[0.287s] Level 1:colcon.colcon_core.package_identification:_identify(set1/src/light_detector) by extension 'ignore_ament_install'
[0.287s] Level 1:colcon.colcon_core.package_identification:_identify(set1/src/light_detector) by extensions ['colcon_pkg']
[0.287s] Level 1:colcon.colcon_core.package_identification:_identify(set1/src/light_detector) by extension 'colcon_pkg'
[0.287s] Level 1:colcon.colcon_core.package_identification:_identify(set1/src/light_detector) by extensions ['colcon_meta']
[0.287s] Level 1:colcon.colcon_core.package_identification:_identify(set1/src/light_detector) by extension 'colcon_meta'
[0.287s] Level 1:colcon.colcon_core.package_identification:_identify(set1/src/light_detector) by extensions ['ros']
[0.287s] Level 1:colcon.colcon_core.package_identification:_identify(set1/src/light_detector) by extension 'ros'
[0.288s] DEBUG:colcon.colcon_core.package_identification:Package 'set1/src/light_detector' with type 'ros.ament_cmake' and name 'lightdetector'
[0.288s] Level 1:colcon.colcon_core.package_identification:_identify(set1/src/relbot_sim) by extensions ['ignore', 'ignore_ament_install']
[0.288s] Level 1:colcon.colcon_core.package_identification:_identify(set1/src/relbot_sim) by extension 'ignore'
[0.288s] Level 1:colcon.colcon_core.package_identification:_identify(set1/src/relbot_sim) by extension 'ignore_ament_install'
[0.288s] Level 1:colcon.colcon_core.package_identification:_identify(set1/src/relbot_sim) by extensions ['colcon_pkg']
[0.288s] Level 1:colcon.colcon_core.package_identification:_identify(set1/src/relbot_sim) by extension 'colcon_pkg'
[0.288s] Level 1:colcon.colcon_core.package_identification:_identify(set1/src/relbot_sim) by extensions ['colcon_meta']
[0.288s] Level 1:colcon.colcon_core.package_identification:_identify(set1/src/relbot_sim) by extension 'colcon_meta'
[0.288s] Level 1:colcon.colcon_core.package_identification:_identify(set1/src/relbot_sim) by extensions ['ros']
[0.288s] Level 1:colcon.colcon_core.package_identification:_identify(set1/src/relbot_sim) by extension 'ros'
[0.289s] DEBUG:colcon.colcon_core.package_identification:Package 'set1/src/relbot_sim' with type 'ros.ament_cmake' and name 'relbot_simulator'
[0.289s] Level 1:colcon.colcon_core.package_identification:_identify(set1/src/tracker) by extensions ['ignore', 'ignore_ament_install']
[0.289s] Level 1:colcon.colcon_core.package_identification:_identify(set1/src/tracker) by extension 'ignore'
[0.289s] Level 1:colcon.colcon_core.package_identification:_identify(set1/src/tracker) by extension 'ignore_ament_install'
[0.289s] Level 1:colcon.colcon_core.package_identification:_identify(set1/src/tracker) by extensions ['colcon_pkg']
[0.289s] Level 1:colcon.colcon_core.package_identification:_identify(set1/src/tracker) by extension 'colcon_pkg'
[0.289s] Level 1:colcon.colcon_core.package_identification:_identify(set1/src/tracker) by extensions ['colcon_meta']
[0.289s] Level 1:colcon.colcon_core.package_identification:_identify(set1/src/tracker) by extension 'colcon_meta'
[0.289s] Level 1:colcon.colcon_core.package_identification:_identify(set1/src/tracker) by extensions ['ros']
[0.289s] Level 1:colcon.colcon_core.package_identification:_identify(set1/src/tracker) by extension 'ros'
[0.290s] DEBUG:colcon.colcon_core.package_identification:Package 'set1/src/tracker' with type 'ros.ament_cmake' and name 'tracker'
[0.290s] Level 1:colcon.colcon_core.package_identification:_identify(set2) by extensions ['ignore', 'ignore_ament_install']
[0.290s] Level 1:colcon.colcon_core.package_identification:_identify(set2) by extension 'ignore'
[0.290s] Level 1:colcon.colcon_core.package_identification:_identify(set2) by extension 'ignore_ament_install'
[0.290s] Level 1:colcon.colcon_core.package_identification:_identify(set2) by extensions ['colcon_pkg']
[0.290s] Level 1:colcon.colcon_core.package_identification:_identify(set2) by extension 'colcon_pkg'
[0.290s] Level 1:colcon.colcon_core.package_identification:_identify(set2) by extensions ['colcon_meta']
[0.290s] Level 1:colcon.colcon_core.package_identification:_identify(set2) by extension 'colcon_meta'
[0.290s] Level 1:colcon.colcon_core.package_identification:_identify(set2) by extensions ['ros']
[0.290s] Level 1:colcon.colcon_core.package_identification:_identify(set2) by extension 'ros'
[0.290s] Level 1:colcon.colcon_core.package_identification:_identify(set2) by extensions ['cmake', 'python']
[0.290s] Level 1:colcon.colcon_core.package_identification:_identify(set2) by extension 'cmake'
[0.290s] Level 1:colcon.colcon_core.package_identification:_identify(set2) by extension 'python'
[0.290s] Level 1:colcon.colcon_core.package_identification:_identify(set2) by extensions ['python_setup_py']
[0.290s] Level 1:colcon.colcon_core.package_identification:_identify(set2) by extension 'python_setup_py'
[0.290s] Level 1:colcon.colcon_core.package_discovery:discover_packages(recursive) using defaults
[0.290s] Level 1:colcon.colcon_core.package_discovery:discover_packages(ignore) discover
[0.290s] Level 1:colcon.colcon_core.package_discovery:discover_packages(ignore) using defaults
[0.290s] Level 1:colcon.colcon_core.package_discovery:discover_packages(path) discover
[0.290s] Level 1:colcon.colcon_core.package_discovery:discover_packages(path) using defaults
[0.311s] Level 1:colcon.colcon_core.package_discovery:discover_packages(prefix_path) check parameters
[0.311s] Level 1:colcon.colcon_core.package_discovery:discover_packages(prefix_path) discover
[0.315s] DEBUG:colcon.colcon_installed_package_information.package_discovery:Found 316 installed packages in /opt/ros/jazzy
[0.316s] Level 1:colcon.colcon_core.package_discovery:discover_packages(prefix_path) using defaults
[0.359s] Level 5:colcon.colcon_core.verb:set package 'asg1_2' build argument 'cmake_args' from command line to 'None'
[0.359s] Level 5:colcon.colcon_core.verb:set package 'asg1_2' build argument 'cmake_target' from command line to 'None'
[0.359s] Level 5:colcon.colcon_core.verb:set package 'asg1_2' build argument 'cmake_target_skip_unavailable' from command line to 'False'
[0.359s] Level 5:colcon.colcon_core.verb:set package 'asg1_2' build argument 'cmake_clean_cache' from command line to 'False'
[0.359s] Level 5:colcon.colcon_core.verb:set package 'asg1_2' build argument 'cmake_clean_first' from command line to 'False'
[0.359s] Level 5:colcon.colcon_core.verb:set package 'asg1_2' build argument 'cmake_force_configure' from command line to 'False'
[0.359s] Level 5:colcon.colcon_core.verb:set package 'asg1_2' build argument 'ament_cmake_args' from command line to 'None'
[0.359s] Level 5:colcon.colcon_core.verb:set package 'asg1_2' build argument 'catkin_cmake_args' from command line to 'None'
[0.359s] Level 5:colcon.colcon_core.verb:set package 'asg1_2' build argument 'catkin_skip_building_tests' from command line to 'False'
[0.359s] DEBUG:colcon.colcon_core.verb:Building package 'asg1_2' with the following arguments: {'ament_cmake_args': None, 'build_base': '/home/man1/ASDfR/build/asg1_2', 'catkin_cmake_args': None, 'catkin_skip_building_tests': False, 'cmake_args': None, 'cmake_clean_cache': False, 'cmake_clean_first': False, 'cmake_force_configure': False, 'cmake_target': None, 'cmake_target_skip_unavailable': False, 'install_base': '/home/man1/ASDfR/install/asg1_2', 'merge_install': False, 'path': '/home/man1/ASDfR/set1/src/asg1_2', 'symlink_install': False, 'test_result_base': None}
[0.359s] Level 5:colcon.colcon_core.verb:set package 'cam2image_vm2ros' build argument 'cmake_args' from command line to 'None'
[0.359s] Level 5:colcon.colcon_core.verb:set package 'cam2image_vm2ros' build argument 'cmake_target' from command line to 'None'
[0.359s] Level 5:colcon.colcon_core.verb:set package 'cam2image_vm2ros' build argument 'cmake_target_skip_unavailable' from command line to 'False'
[0.359s] Level 5:colcon.colcon_core.verb:set package 'cam2image_vm2ros' build argument 'cmake_clean_cache' from command line to 'False'
[0.359s] Level 5:colcon.colcon_core.verb:set package 'cam2image_vm2ros' build argument 'cmake_clean_first' from command line to 'False'
[0.360s] Level 5:colcon.colcon_core.verb:set package 'cam2image_vm2ros' build argument 'cmake_force_configure' from command line to 'False'
[0.360s] Level 5:colcon.colcon_core.verb:set package 'cam2image_vm2ros' build argument 'ament_cmake_args' from command line to 'None'
[0.360s] Level 5:colcon.colcon_core.verb:set package 'cam2image_vm2ros' build argument 'catkin_cmake_args' from command line to 'None'
[0.360s] Level 5:colcon.colcon_core.verb:set package 'cam2image_vm2ros' build argument 'catkin_skip_building_tests' from command line to 'False'
[0.360s] DEBUG:colcon.colcon_core.verb:Building package 'cam2image_vm2ros' with the following arguments: {'ament_cmake_args': None, 'build_base': '/home/man1/ASDfR/build/cam2image_vm2ros', 'catkin_cmake_args': None, 'catkin_skip_building_tests': False, 'cmake_args': None, 'cmake_clean_cache': False, 'cmake_clean_first': False, 'cmake_force_configure': False, 'cmake_target': None, 'cmake_target_skip_unavailable': False, 'install_base': '/home/man1/ASDfR/install/cam2image_vm2ros', 'merge_install': False, 'path': '/home/man1/ASDfR/set1/src/cam2image_vm2ros', 'symlink_install': False, 'test_result_base': None}
[0.360s] Level 5:colcon.colcon_core.verb:set package 'filterer' build argument 'cmake_args' from command line to 'None'
[0.360s] Level 5:colcon.colcon_core.verb:set package 'filterer' build argument 'cmake_target' from command line to 'None'
[0.360s] Level 5:colcon.colcon_core.verb:set package 'filterer' build argument 'cmake_target_skip_unavailable' from command line to 'False'
[0.360s] Level 5:colcon.colcon_core.verb:set package 'filterer' build argument 'cmake_clean_cache' from command line to 'False'
[0.360s] Level 5:colcon.colcon_core.verb:set package 'filterer' build argument 'cmake_clean_first' from command line to 'False'
[0.360s] Level 5:colcon.colcon_core.verb:set package 'filterer' build argument 'cmake_force_configure' from command line to 'False'
[0.360s] Level 5:colcon.colcon_core.verb:set package 'filterer' build argument 'ament_cmake_args' from command line to 'None'
[0.360s] Level 5:colcon.colcon_core.verb:set package 'filterer' build argument 'catkin_cmake_args' from command line to 'None'
[0.360s] Level 5:colcon.colcon_core.verb:set package 'filterer' build argument 'catkin_skip_building_tests' from command line to 'False'
[0.360s] DEBUG:colcon.colcon_core.verb:Building package 'filterer' with the following arguments: {'ament_cmake_args': None, 'build_base': '/home/man1/ASDfR/build/filterer', 'catkin_cmake_args': None, 'catkin_skip_building_tests': False, 'cmake_args': None, 'cmake_clean_cache': False, 'cmake_clean_first': False, 'cmake_force_configure': False, 'cmake_target': None, 'cmake_target_skip_unavailable': False, 'install_base': '/home/man1/ASDfR/install/filterer', 'merge_install': False, 'path': '/home/man1/ASDfR/set1/src/filterer', 'symlink_install': False, 'test_result_base': None}
[0.360s] Level 5:colcon.colcon_core.verb:set package 'lightdetector' build argument 'cmake_args' from command line to 'None'
[0.360s] Level 5:colcon.colcon_core.verb:set package 'lightdetector' build argument 'cmake_target' from command line to 'None'
[0.360s] Level 5:colcon.colcon_core.verb:set package 'lightdetector' build argument 'cmake_target_skip_unavailable' from command line to 'False'
[0.360s] Level 5:colcon.colcon_core.verb:set package 'lightdetector' build argument 'cmake_clean_cache' from command line to 'False'
[0.360s] Level 5:colcon.colcon_core.verb:set package 'lightdetector' build argument 'cmake_clean_first' from command line to 'False'
[0.360s] Level 5:colcon.colcon_core.verb:set package 'lightdetector' build argument 'cmake_force_configure' from command line to 'False'
[0.360s] Level 5:colcon.colcon_core.verb:set package 'lightdetector' build argument 'ament_cmake_args' from command line to 'None'
[0.360s] Level 5:colcon.colcon_core.verb:set package 'lightdetector' build argument 'catkin_cmake_args' from command line to 'None'
[0.360s] Level 5:colcon.colcon_core.verb:set package 'lightdetector' build argument 'catkin_skip_building_tests' from command line to 'False'
[0.360s] DEBUG:colcon.colcon_core.verb:Building package 'lightdetector' with the following arguments: {'ament_cmake_args': None, 'build_base': '/home/man1/ASDfR/build/lightdetector', 'catkin_cmake_args': None, 'catkin_skip_building_tests': False, 'cmake_args': None, 'cmake_clean_cache': False, 'cmake_clean_first': False, 'cmake_force_configure': False, 'cmake_target': None, 'cmake_target_skip_unavailable': False, 'install_base': '/home/man1/ASDfR/install/lightdetector', 'merge_install': False, 'path': '/home/man1/ASDfR/set1/src/light_detector', 'symlink_install': False, 'test_result_base': None}
[0.360s] Level 5:colcon.colcon_core.verb:set package 'relbot_simulator' build argument 'cmake_args' from command line to 'None'
[0.360s] Level 5:colcon.colcon_core.verb:set package 'relbot_simulator' build argument 'cmake_target' from command line to 'None'
[0.361s] Level 5:colcon.colcon_core.verb:set package 'relbot_simulator' build argument 'cmake_target_skip_unavailable' from command line to 'False'
[0.361s] Level 5:colcon.colcon_core.verb:set package 'relbot_simulator' build argument 'cmake_clean_cache' from command line to 'False'
[0.361s] Level 5:colcon.colcon_core.verb:set package 'relbot_simulator' build argument 'cmake_clean_first' from command line to 'False'
[0.361s] Level 5:colcon.colcon_core.verb:set package 'relbot_simulator' build argument 'cmake_force_configure' from command line to 'False'
[0.361s] Level 5:colcon.colcon_core.verb:set package 'relbot_simulator' build argument 'ament_cmake_args' from command line to 'None'
[0.361s] Level 5:colcon.colcon_core.verb:set package 'relbot_simulator' build argument 'catkin_cmake_args' from command line to 'None'
[0.361s] Level 5:colcon.colcon_core.verb:set package 'relbot_simulator' build argument 'catkin_skip_building_tests' from command line to 'False'
[0.361s] DEBUG:colcon.colcon_core.verb:Building package 'relbot_simulator' with the following arguments: {'ament_cmake_args': None, 'build_base': '/home/man1/ASDfR/build/relbot_simulator', 'catkin_cmake_args': None, 'catkin_skip_building_tests': False, 'cmake_args': None, 'cmake_clean_cache': False, 'cmake_clean_first': False, 'cmake_force_configure': False, 'cmake_target': None, 'cmake_target_skip_unavailable': False, 'install_base': '/home/man1/ASDfR/install/relbot_simulator', 'merge_install': False, 'path': '/home/man1/ASDfR/set1/src/relbot_sim', 'symlink_install': False, 'test_result_base': None}
[0.361s] Level 5:colcon.colcon_core.verb:set package 'tracker' build argument 'cmake_args' from command line to 'None'
[0.361s] Level 5:colcon.colcon_core.verb:set package 'tracker' build argument 'cmake_target' from command line to 'None'
[0.361s] Level 5:colcon.colcon_core.verb:set package 'tracker' build argument 'cmake_target_skip_unavailable' from command line to 'False'
[0.361s] Level 5:colcon.colcon_core.verb:set package 'tracker' build argument 'cmake_clean_cache' from command line to 'False'
[0.361s] Level 5:colcon.colcon_core.verb:set package 'tracker' build argument 'cmake_clean_first' from command line to 'False'
[0.361s] Level 5:colcon.colcon_core.verb:set package 'tracker' build argument 'cmake_force_configure' from command line to 'False'
[0.361s] Level 5:colcon.colcon_core.verb:set package 'tracker' build argument 'ament_cmake_args' from command line to 'None'
[0.361s] Level 5:colcon.colcon_core.verb:set package 'tracker' build argument 'catkin_cmake_args' from command line to 'None'
[0.361s] Level 5:colcon.colcon_core.verb:set package 'tracker' build argument 'catkin_skip_building_tests' from command line to 'False'
[0.361s] DEBUG:colcon.colcon_core.verb:Building package 'tracker' with the following arguments: {'ament_cmake_args': None, 'build_base': '/home/man1/ASDfR/build/tracker', 'catkin_cmake_args': None, 'catkin_skip_building_tests': False, 'cmake_args': None, 'cmake_clean_cache': False, 'cmake_clean_first': False, 'cmake_force_configure': False, 'cmake_target': None, 'cmake_target_skip_unavailable': False, 'install_base': '/home/man1/ASDfR/install/tracker', 'merge_install': False, 'path': '/home/man1/ASDfR/set1/src/tracker', 'symlink_install': False, 'test_result_base': None}
[0.361s] INFO:colcon.colcon_core.executor:Executing jobs using 'parallel' executor
[0.362s] DEBUG:colcon.colcon_parallel_executor.executor.parallel:run_until_complete
[0.362s] INFO:colcon.colcon_ros.task.ament_cmake.build:Building ROS package in '/home/man1/ASDfR/set1/src/asg1_2' with build type 'ament_cmake'
[0.362s] INFO:colcon.colcon_cmake.task.cmake.build:Building CMake package in '/home/man1/ASDfR/set1/src/asg1_2'
[0.366s] INFO:colcon.colcon_core.plugin_system:Skipping extension 'colcon_core.shell.bat': Not used on non-Windows systems
[0.366s] INFO:colcon.colcon_core.shell:Skip shell extension 'powershell' for command environment: Not usable outside of PowerShell
[0.366s] DEBUG:colcon.colcon_core.shell:Skip shell extension 'dsv' for command environment
[0.370s] INFO:colcon.colcon_ros.task.ament_cmake.build:Building ROS package in '/home/man1/ASDfR/set1/src/cam2image_vm2ros' with build type 'ament_cmake'
[0.370s] INFO:colcon.colcon_cmake.task.cmake.build:Building CMake package in '/home/man1/ASDfR/set1/src/cam2image_vm2ros'
[0.370s] INFO:colcon.colcon_core.shell:Skip shell extension 'powershell' for command environment: Not usable outside of PowerShell
[0.370s] DEBUG:colcon.colcon_core.shell:Skip shell extension 'dsv' for command environment
[0.373s] INFO:colcon.colcon_ros.task.ament_cmake.build:Building ROS package in '/home/man1/ASDfR/set1/src/filterer' with build type 'ament_cmake'
[0.373s] INFO:colcon.colcon_cmake.task.cmake.build:Building CMake package in '/home/man1/ASDfR/set1/src/filterer'
[0.373s] INFO:colcon.colcon_core.shell:Skip shell extension 'powershell' for command environment: Not usable outside of PowerShell
[0.373s] DEBUG:colcon.colcon_core.shell:Skip shell extension 'dsv' for command environment
[0.376s] INFO:colcon.colcon_ros.task.ament_cmake.build:Building ROS package in '/home/man1/ASDfR/set1/src/light_detector' with build type 'ament_cmake'
[0.377s] INFO:colcon.colcon_cmake.task.cmake.build:Building CMake package in '/home/man1/ASDfR/set1/src/light_detector'
[0.377s] INFO:colcon.colcon_core.shell:Skip shell extension 'powershell' for command environment: Not usable outside of PowerShell
[0.378s] DEBUG:colcon.colcon_core.shell:Skip shell extension 'dsv' for command environment
[0.381s] INFO:colcon.colcon_ros.task.ament_cmake.build:Building ROS package in '/home/man1/ASDfR/set1/src/relbot_sim' with build type 'ament_cmake'
[0.381s] INFO:colcon.colcon_cmake.task.cmake.build:Building CMake package in '/home/man1/ASDfR/set1/src/relbot_sim'
[0.381s] INFO:colcon.colcon_core.shell:Skip shell extension 'powershell' for command environment: Not usable outside of PowerShell
[0.381s] DEBUG:colcon.colcon_core.shell:Skip shell extension 'dsv' for command environment
[0.384s] INFO:colcon.colcon_ros.task.ament_cmake.build:Building ROS package in '/home/man1/ASDfR/set1/src/tracker' with build type 'ament_cmake'
[0.385s] INFO:colcon.colcon_cmake.task.cmake.build:Building CMake package in '/home/man1/ASDfR/set1/src/tracker'
[0.385s] INFO:colcon.colcon_core.shell:Skip shell extension 'powershell' for command environment: Not usable outside of PowerShell
[0.385s] DEBUG:colcon.colcon_core.shell:Skip shell extension 'dsv' for command environment
[0.394s] DEBUG:colcon.colcon_core.event_handler.log_command:Invoking command in '/home/man1/ASDfR/build/asg1_2': CMAKE_PREFIX_PATH=${CMAKE_PREFIX_PATH}:/opt/ros/jazzy DEBUGINFOD_URLS=https://debuginfod.ubuntu.com /usr/bin/cmake /home/man1/ASDfR/set1/src/asg1_2 -DCMAKE_INSTALL_PREFIX=/home/man1/ASDfR/install/asg1_2
[0.398s] DEBUG:colcon.colcon_core.event_handler.log_command:Invoking command in '/home/man1/ASDfR/build/cam2image_vm2ros': CMAKE_PREFIX_PATH=${CMAKE_PREFIX_PATH}:/opt/ros/jazzy DEBUGINFOD_URLS=https://debuginfod.ubuntu.com /usr/bin/cmake /home/man1/ASDfR/set1/src/cam2image_vm2ros -DCMAKE_INSTALL_PREFIX=/home/man1/ASDfR/install/cam2image_vm2ros
[0.400s] DEBUG:colcon.colcon_core.event_handler.log_command:Invoking command in '/home/man1/ASDfR/build/filterer': CMAKE_PREFIX_PATH=${CMAKE_PREFIX_PATH}:/opt/ros/jazzy DEBUGINFOD_URLS=https://debuginfod.ubuntu.com /usr/bin/cmake /home/man1/ASDfR/set1/src/filterer -DCMAKE_INSTALL_PREFIX=/home/man1/ASDfR/install/filterer
[0.403s] DEBUG:colcon.colcon_core.event_handler.log_command:Invoking command in '/home/man1/ASDfR/build/lightdetector': CMAKE_PREFIX_PATH=${CMAKE_PREFIX_PATH}:/opt/ros/jazzy DEBUGINFOD_URLS=https://debuginfod.ubuntu.com /usr/bin/cmake /home/man1/ASDfR/set1/src/light_detector -DCMAKE_INSTALL_PREFIX=/home/man1/ASDfR/install/lightdetector
[0.406s] DEBUG:colcon.colcon_core.event_handler.log_command:Invoking command in '/home/man1/ASDfR/build/relbot_simulator': CMAKE_PREFIX_PATH=${CMAKE_PREFIX_PATH}:/opt/ros/jazzy DEBUGINFOD_URLS=https://debuginfod.ubuntu.com /usr/bin/cmake /home/man1/ASDfR/set1/src/relbot_sim -DCMAKE_INSTALL_PREFIX=/home/man1/ASDfR/install/relbot_simulator
[0.417s] DEBUG:colcon.colcon_core.event_handler.log_command:Invoking command in '/home/man1/ASDfR/build/tracker': CMAKE_PREFIX_PATH=${CMAKE_PREFIX_PATH}:/opt/ros/jazzy DEBUGINFOD_URLS=https://debuginfod.ubuntu.com /usr/bin/cmake /home/man1/ASDfR/set1/src/tracker -DCMAKE_INSTALL_PREFIX=/home/man1/ASDfR/install/tracker
[2.199s] DEBUG:colcon.colcon_core.event_handler.log_command:Invoked command in '/home/man1/ASDfR/build/tracker' returned '0': CMAKE_PREFIX_PATH=${CMAKE_PREFIX_PATH}:/opt/ros/jazzy DEBUGINFOD_URLS=https://debuginfod.ubuntu.com /usr/bin/cmake /home/man1/ASDfR/set1/src/tracker -DCMAKE_INSTALL_PREFIX=/home/man1/ASDfR/install/tracker
[2.201s] DEBUG:colcon.colcon_core.event_handler.log_command:Invoking command in '/home/man1/ASDfR/build/tracker': CMAKE_PREFIX_PATH=${CMAKE_PREFIX_PATH}:/opt/ros/jazzy DEBUGINFOD_URLS=https://debuginfod.ubuntu.com /usr/bin/cmake --build /home/man1/ASDfR/build/tracker -- -j12 -l12
[2.212s] DEBUG:colcon.colcon_core.event_handler.log_command:Invoked command in '/home/man1/ASDfR/build/filterer' returned '0': CMAKE_PREFIX_PATH=${CMAKE_PREFIX_PATH}:/opt/ros/jazzy DEBUGINFOD_URLS=https://debuginfod.ubuntu.com /usr/bin/cmake /home/man1/ASDfR/set1/src/filterer -DCMAKE_INSTALL_PREFIX=/home/man1/ASDfR/install/filterer
[2.213s] DEBUG:colcon.colcon_core.event_handler.log_command:Invoking command in '/home/man1/ASDfR/build/filterer': CMAKE_PREFIX_PATH=${CMAKE_PREFIX_PATH}:/opt/ros/jazzy DEBUGINFOD_URLS=https://debuginfod.ubuntu.com /usr/bin/cmake --build /home/man1/ASDfR/build/filterer -- -j12 -l12
[2.255s] DEBUG:colcon.colcon_core.event_handler.log_command:Invoked command in '/home/man1/ASDfR/build/lightdetector' returned '0': CMAKE_PREFIX_PATH=${CMAKE_PREFIX_PATH}:/opt/ros/jazzy DEBUGINFOD_URLS=https://debuginfod.ubuntu.com /usr/bin/cmake /home/man1/ASDfR/set1/src/light_detector -DCMAKE_INSTALL_PREFIX=/home/man1/ASDfR/install/lightdetector
[2.256s] DEBUG:colcon.colcon_core.event_handler.log_command:Invoking command in '/home/man1/ASDfR/build/lightdetector': CMAKE_PREFIX_PATH=${CMAKE_PREFIX_PATH}:/opt/ros/jazzy DEBUGINFOD_URLS=https://debuginfod.ubuntu.com /usr/bin/cmake --build /home/man1/ASDfR/build/lightdetector -- -j12 -l12
[2.331s] DEBUG:colcon.colcon_core.event_handler.log_command:Invoked command in '/home/man1/ASDfR/build/cam2image_vm2ros' returned '0': CMAKE_PREFIX_PATH=${CMAKE_PREFIX_PATH}:/opt/ros/jazzy DEBUGINFOD_URLS=https://debuginfod.ubuntu.com /usr/bin/cmake /home/man1/ASDfR/set1/src/cam2image_vm2ros -DCMAKE_INSTALL_PREFIX=/home/man1/ASDfR/install/cam2image_vm2ros
[2.333s] DEBUG:colcon.colcon_core.event_handler.log_command:Invoking command in '/home/man1/ASDfR/build/cam2image_vm2ros': CMAKE_PREFIX_PATH=${CMAKE_PREFIX_PATH}:/opt/ros/jazzy DEBUGINFOD_URLS=https://debuginfod.ubuntu.com /usr/bin/cmake --build /home/man1/ASDfR/build/cam2image_vm2ros -- -j12 -l12
[2.339s] DEBUG:colcon.colcon_core.event_handler.log_command:Invoked command in '/home/man1/ASDfR/build/asg1_2' returned '0': CMAKE_PREFIX_PATH=${CMAKE_PREFIX_PATH}:/opt/ros/jazzy DEBUGINFOD_URLS=https://debuginfod.ubuntu.com /usr/bin/cmake /home/man1/ASDfR/set1/src/asg1_2 -DCMAKE_INSTALL_PREFIX=/home/man1/ASDfR/install/asg1_2
[2.341s] DEBUG:colcon.colcon_core.event_handler.log_command:Invoking command in '/home/man1/ASDfR/build/asg1_2': CMAKE_PREFIX_PATH=${CMAKE_PREFIX_PATH}:/opt/ros/jazzy DEBUGINFOD_URLS=https://debuginfod.ubuntu.com /usr/bin/cmake --build /home/man1/ASDfR/build/asg1_2 -- -j12 -l12
[2.392s] DEBUG:colcon.colcon_core.event_handler.log_command:Invoked command in '/home/man1/ASDfR/build/relbot_simulator' returned '0': CMAKE_PREFIX_PATH=${CMAKE_PREFIX_PATH}:/opt/ros/jazzy DEBUGINFOD_URLS=https://debuginfod.ubuntu.com /usr/bin/cmake /home/man1/ASDfR/set1/src/relbot_sim -DCMAKE_INSTALL_PREFIX=/home/man1/ASDfR/install/relbot_simulator
[2.393s] DEBUG:colcon.colcon_core.event_handler.log_command:Invoking command in '/home/man1/ASDfR/build/relbot_simulator': CMAKE_PREFIX_PATH=${CMAKE_PREFIX_PATH}:/opt/ros/jazzy DEBUGINFOD_URLS=https://debuginfod.ubuntu.com /usr/bin/cmake --build /home/man1/ASDfR/build/relbot_simulator -- -j12 -l12
[20.300s] DEBUG:colcon.colcon_core.event_handler.log_command:Invoked command in '/home/man1/ASDfR/build/filterer' returned '0': CMAKE_PREFIX_PATH=${CMAKE_PREFIX_PATH}:/opt/ros/jazzy DEBUGINFOD_URLS=https://debuginfod.ubuntu.com /usr/bin/cmake --build /home/man1/ASDfR/build/filterer -- -j12 -l12
[20.359s] DEBUG:colcon.colcon_core.event_handler.log_command:Invoking command in '/home/man1/ASDfR/build/filterer': CMAKE_PREFIX_PATH=${CMAKE_PREFIX_PATH}:/opt/ros/jazzy DEBUGINFOD_URLS=https://debuginfod.ubuntu.com /usr/bin/cmake --install /home/man1/ASDfR/build/filterer
[20.413s] Level 1:colcon.colcon_core.environment:create_environment_scripts_only(filterer)
[20.420s] DEBUG:colcon.colcon_core.event_handler.log_command:Invoked command in '/home/man1/ASDfR/build/filterer' returned '0': CMAKE_PREFIX_PATH=${CMAKE_PREFIX_PATH}:/opt/ros/jazzy DEBUGINFOD_URLS=https://debuginfod.ubuntu.com /usr/bin/cmake --install /home/man1/ASDfR/build/filterer
[20.464s] Level 1:colcon.colcon_core.environment:checking '/home/man1/ASDfR/install/filterer' for CMake module files
[20.466s] Level 1:colcon.colcon_core.environment:checking '/home/man1/ASDfR/install/filterer' for CMake config files
[20.467s] Level 1:colcon.colcon_core.shell:create_environment_hook('filterer', 'cmake_prefix_path')
[20.469s] INFO:colcon.colcon_core.shell:Creating environment hook '/home/man1/ASDfR/install/filterer/share/filterer/hook/cmake_prefix_path.ps1'
[20.483s] INFO:colcon.colcon_core.shell:Creating environment descriptor '/home/man1/ASDfR/install/filterer/share/filterer/hook/cmake_prefix_path.dsv'
[20.486s] INFO:colcon.colcon_core.shell:Creating environment hook '/home/man1/ASDfR/install/filterer/share/filterer/hook/cmake_prefix_path.sh'
[20.491s] Level 1:colcon.colcon_core.environment:checking '/home/man1/ASDfR/install/filterer/lib'
[20.491s] Level 1:colcon.colcon_core.environment:checking '/home/man1/ASDfR/install/filterer/bin'
[20.492s] Level 1:colcon.colcon_core.environment:checking '/home/man1/ASDfR/install/filterer/lib/pkgconfig/filterer.pc'
[20.495s] Level 1:colcon.colcon_core.environment:checking '/home/man1/ASDfR/install/filterer/lib/python3.12/site-packages'
[20.495s] Level 1:colcon.colcon_core.environment:checking '/home/man1/ASDfR/install/filterer/bin'
[20.497s] INFO:colcon.colcon_core.shell:Creating package script '/home/man1/ASDfR/install/filterer/share/filterer/package.ps1'
[20.501s] INFO:colcon.colcon_core.shell:Creating package descriptor '/home/man1/ASDfR/install/filterer/share/filterer/package.dsv'
[20.502s] INFO:colcon.colcon_core.shell:Creating package script '/home/man1/ASDfR/install/filterer/share/filterer/package.sh'
[20.504s] INFO:colcon.colcon_core.shell:Creating package script '/home/man1/ASDfR/install/filterer/share/filterer/package.bash'
[20.506s] INFO:colcon.colcon_core.shell:Creating package script '/home/man1/ASDfR/install/filterer/share/filterer/package.zsh'
[20.509s] Level 1:colcon.colcon_core.environment:create_file_with_runtime_dependencies(/home/man1/ASDfR/install/filterer/share/colcon-core/packages/filterer)
[20.516s] Level 1:colcon.colcon_core.environment:create_environment_scripts_only(filterer)
[20.516s] Level 1:colcon.colcon_core.environment:checking '/home/man1/ASDfR/install/filterer' for CMake module files
[20.517s] Level 1:colcon.colcon_core.environment:checking '/home/man1/ASDfR/install/filterer' for CMake config files
[20.517s] Level 1:colcon.colcon_core.shell:create_environment_hook('filterer', 'cmake_prefix_path')
[20.518s] INFO:colcon.colcon_core.shell:Creating environment hook '/home/man1/ASDfR/install/filterer/share/filterer/hook/cmake_prefix_path.ps1'
[20.519s] INFO:colcon.colcon_core.shell:Creating environment descriptor '/home/man1/ASDfR/install/filterer/share/filterer/hook/cmake_prefix_path.dsv'
[20.519s] INFO:colcon.colcon_core.shell:Creating environment hook '/home/man1/ASDfR/install/filterer/share/filterer/hook/cmake_prefix_path.sh'
[20.521s] Level 1:colcon.colcon_core.environment:checking '/home/man1/ASDfR/install/filterer/lib'
[20.521s] Level 1:colcon.colcon_core.environment:checking '/home/man1/ASDfR/install/filterer/bin'
[20.521s] Level 1:colcon.colcon_core.environment:checking '/home/man1/ASDfR/install/filterer/lib/pkgconfig/filterer.pc'
[20.521s] Level 1:colcon.colcon_core.environment:checking '/home/man1/ASDfR/install/filterer/lib/python3.12/site-packages'
[20.522s] Level 1:colcon.colcon_core.environment:checking '/home/man1/ASDfR/install/filterer/bin'
[20.522s] INFO:colcon.colcon_core.shell:Creating package script '/home/man1/ASDfR/install/filterer/share/filterer/package.ps1'
[20.525s] INFO:colcon.colcon_core.shell:Creating package descriptor '/home/man1/ASDfR/install/filterer/share/filterer/package.dsv'
[20.527s] INFO:colcon.colcon_core.shell:Creating package script '/home/man1/ASDfR/install/filterer/share/filterer/package.sh'
[20.528s] INFO:colcon.colcon_core.shell:Creating package script '/home/man1/ASDfR/install/filterer/share/filterer/package.bash'
[20.529s] INFO:colcon.colcon_core.shell:Creating package script '/home/man1/ASDfR/install/filterer/share/filterer/package.zsh'
[20.529s] Level 1:colcon.colcon_core.environment:create_file_with_runtime_dependencies(/home/man1/ASDfR/install/filterer/share/colcon-core/packages/filterer)
[20.846s] DEBUG:colcon.colcon_core.event_handler.log_command:Invoked command in '/home/man1/ASDfR/build/tracker' returned '0': CMAKE_PREFIX_PATH=${CMAKE_PREFIX_PATH}:/opt/ros/jazzy DEBUGINFOD_URLS=https://debuginfod.ubuntu.com /usr/bin/cmake --build /home/man1/ASDfR/build/tracker -- -j12 -l12
[20.848s] DEBUG:colcon.colcon_core.event_handler.log_command:Invoking command in '/home/man1/ASDfR/build/tracker': CMAKE_PREFIX_PATH=${CMAKE_PREFIX_PATH}:/opt/ros/jazzy DEBUGINFOD_URLS=https://debuginfod.ubuntu.com /usr/bin/cmake --install /home/man1/ASDfR/build/tracker
[20.875s] Level 1:colcon.colcon_core.environment:create_environment_scripts_only(tracker)
[20.876s] Level 1:colcon.colcon_core.environment:checking '/home/man1/ASDfR/install/tracker' for CMake module files
[20.877s] DEBUG:colcon.colcon_core.event_handler.log_command:Invoked command in '/home/man1/ASDfR/build/tracker' returned '0': CMAKE_PREFIX_PATH=${CMAKE_PREFIX_PATH}:/opt/ros/jazzy DEBUGINFOD_URLS=https://debuginfod.ubuntu.com /usr/bin/cmake --install /home/man1/ASDfR/build/tracker
[20.877s] Level 1:colcon.colcon_core.environment:checking '/home/man1/ASDfR/install/tracker' for CMake config files
[20.877s] Level 1:colcon.colcon_core.shell:create_environment_hook('tracker', 'cmake_prefix_path')
[20.878s] INFO:colcon.colcon_core.shell:Creating environment hook '/home/man1/ASDfR/install/tracker/share/tracker/hook/cmake_prefix_path.ps1'
[20.879s] INFO:colcon.colcon_core.shell:Creating environment descriptor '/home/man1/ASDfR/install/tracker/share/tracker/hook/cmake_prefix_path.dsv'
[20.879s] INFO:colcon.colcon_core.shell:Creating environment hook '/home/man1/ASDfR/install/tracker/share/tracker/hook/cmake_prefix_path.sh'
[20.880s] Level 1:colcon.colcon_core.environment:checking '/home/man1/ASDfR/install/tracker/lib'
[20.880s] Level 1:colcon.colcon_core.environment:checking '/home/man1/ASDfR/install/tracker/bin'
[20.880s] Level 1:colcon.colcon_core.environment:checking '/home/man1/ASDfR/install/tracker/lib/pkgconfig/tracker.pc'
[20.881s] Level 1:colcon.colcon_core.environment:checking '/home/man1/ASDfR/install/tracker/lib/python3.12/site-packages'
[20.881s] Level 1:colcon.colcon_core.environment:checking '/home/man1/ASDfR/install/tracker/bin'
[20.882s] INFO:colcon.colcon_core.shell:Creating package script '/home/man1/ASDfR/install/tracker/share/tracker/package.ps1'
[20.883s] INFO:colcon.colcon_core.shell:Creating package descriptor '/home/man1/ASDfR/install/tracker/share/tracker/package.dsv'
[20.884s] INFO:colcon.colcon_core.shell:Creating package script '/home/man1/ASDfR/install/tracker/share/tracker/package.sh'
[20.885s] INFO:colcon.colcon_core.shell:Creating package script '/home/man1/ASDfR/install/tracker/share/tracker/package.bash'
[20.885s] INFO:colcon.colcon_core.shell:Creating package script '/home/man1/ASDfR/install/tracker/share/tracker/package.zsh'
[20.886s] Level 1:colcon.colcon_core.environment:create_file_with_runtime_dependencies(/home/man1/ASDfR/install/tracker/share/colcon-core/packages/tracker)
[20.888s] Level 1:colcon.colcon_core.environment:create_environment_scripts_only(tracker)
[20.888s] Level 1:colcon.colcon_core.environment:checking '/home/man1/ASDfR/install/tracker' for CMake module files
[20.889s] Level 1:colcon.colcon_core.environment:checking '/home/man1/ASDfR/install/tracker' for CMake config files
[20.889s] Level 1:colcon.colcon_core.shell:create_environment_hook('tracker', 'cmake_prefix_path')
[20.889s] INFO:colcon.colcon_core.shell:Creating environment hook '/home/man1/ASDfR/install/tracker/share/tracker/hook/cmake_prefix_path.ps1'
[20.890s] INFO:colcon.colcon_core.shell:Creating environment descriptor '/home/man1/ASDfR/install/tracker/share/tracker/hook/cmake_prefix_path.dsv'
[20.891s] INFO:colcon.colcon_core.shell:Creating environment hook '/home/man1/ASDfR/install/tracker/share/tracker/hook/cmake_prefix_path.sh'
[20.892s] Level 1:colcon.colcon_core.environment:checking '/home/man1/ASDfR/install/tracker/lib'
[20.893s] Level 1:colcon.colcon_core.environment:checking '/home/man1/ASDfR/install/tracker/bin'
[20.893s] Level 1:colcon.colcon_core.environment:checking '/home/man1/ASDfR/install/tracker/lib/pkgconfig/tracker.pc'
[20.893s] Level 1:colcon.colcon_core.environment:checking '/home/man1/ASDfR/install/tracker/lib/python3.12/site-packages'
[20.893s] Level 1:colcon.colcon_core.environment:checking '/home/man1/ASDfR/install/tracker/bin'
[20.894s] INFO:colcon.colcon_core.shell:Creating package script '/home/man1/ASDfR/install/tracker/share/tracker/package.ps1'
[20.894s] INFO:colcon.colcon_core.shell:Creating package descriptor '/home/man1/ASDfR/install/tracker/share/tracker/package.dsv'
[20.895s] INFO:colcon.colcon_core.shell:Creating package script '/home/man1/ASDfR/install/tracker/share/tracker/package.sh'
[20.896s] INFO:colcon.colcon_core.shell:Creating package script '/home/man1/ASDfR/install/tracker/share/tracker/package.bash'
[20.896s] INFO:colcon.colcon_core.shell:Creating package script '/home/man1/ASDfR/install/tracker/share/tracker/package.zsh'
[20.897s] Level 1:colcon.colcon_core.environment:create_file_with_runtime_dependencies(/home/man1/ASDfR/install/tracker/share/colcon-core/packages/tracker)
[21.011s] DEBUG:colcon.colcon_core.event_handler.log_command:Invoked command in '/home/man1/ASDfR/build/lightdetector' returned '0': CMAKE_PREFIX_PATH=${CMAKE_PREFIX_PATH}:/opt/ros/jazzy DEBUGINFOD_URLS=https://debuginfod.ubuntu.com /usr/bin/cmake --build /home/man1/ASDfR/build/lightdetector -- -j12 -l12
[21.013s] DEBUG:colcon.colcon_core.event_handler.log_command:Invoking command in '/home/man1/ASDfR/build/lightdetector': CMAKE_PREFIX_PATH=${CMAKE_PREFIX_PATH}:/opt/ros/jazzy DEBUGINFOD_URLS=https://debuginfod.ubuntu.com /usr/bin/cmake --install /home/man1/ASDfR/build/lightdetector
[21.044s] Level 1:colcon.colcon_core.environment:create_environment_scripts_only(lightdetector)
[21.044s] Level 1:colcon.colcon_core.environment:checking '/home/man1/ASDfR/install/lightdetector' for CMake module files
[21.045s] DEBUG:colcon.colcon_core.event_handler.log_command:Invoked command in '/home/man1/ASDfR/build/lightdetector' returned '0': CMAKE_PREFIX_PATH=${CMAKE_PREFIX_PATH}:/opt/ros/jazzy DEBUGINFOD_URLS=https://debuginfod.ubuntu.com /usr/bin/cmake --install /home/man1/ASDfR/build/lightdetector
[21.046s] Level 1:colcon.colcon_core.environment:checking '/home/man1/ASDfR/install/lightdetector' for CMake config files
[21.046s] Level 1:colcon.colcon_core.shell:create_environment_hook('lightdetector', 'cmake_prefix_path')
[21.046s] INFO:colcon.colcon_core.shell:Creating environment hook '/home/man1/ASDfR/install/lightdetector/share/lightdetector/hook/cmake_prefix_path.ps1'
[21.047s] INFO:colcon.colcon_core.shell:Creating environment descriptor '/home/man1/ASDfR/install/lightdetector/share/lightdetector/hook/cmake_prefix_path.dsv'
[21.047s] INFO:colcon.colcon_core.shell:Creating environment hook '/home/man1/ASDfR/install/lightdetector/share/lightdetector/hook/cmake_prefix_path.sh'
[21.048s] Level 1:colcon.colcon_core.environment:checking '/home/man1/ASDfR/install/lightdetector/lib'
[21.048s] Level 1:colcon.colcon_core.environment:checking '/home/man1/ASDfR/install/lightdetector/bin'
[21.048s] Level 1:colcon.colcon_core.environment:checking '/home/man1/ASDfR/install/lightdetector/lib/pkgconfig/lightdetector.pc'
[21.048s] Level 1:colcon.colcon_core.environment:checking '/home/man1/ASDfR/install/lightdetector/lib/python3.12/site-packages'
[21.048s] Level 1:colcon.colcon_core.environment:checking '/home/man1/ASDfR/install/lightdetector/bin'
[21.048s] INFO:colcon.colcon_core.shell:Creating package script '/home/man1/ASDfR/install/lightdetector/share/lightdetector/package.ps1'
[21.049s] INFO:colcon.colcon_core.shell:Creating package descriptor '/home/man1/ASDfR/install/lightdetector/share/lightdetector/package.dsv'
[21.050s] INFO:colcon.colcon_core.shell:Creating package script '/home/man1/ASDfR/install/lightdetector/share/lightdetector/package.sh'
[21.050s] INFO:colcon.colcon_core.shell:Creating package script '/home/man1/ASDfR/install/lightdetector/share/lightdetector/package.bash'
[21.051s] INFO:colcon.colcon_core.shell:Creating package script '/home/man1/ASDfR/install/lightdetector/share/lightdetector/package.zsh'
[21.051s] Level 1:colcon.colcon_core.environment:create_file_with_runtime_dependencies(/home/man1/ASDfR/install/lightdetector/share/colcon-core/packages/lightdetector)
[21.053s] Level 1:colcon.colcon_core.environment:create_environment_scripts_only(lightdetector)
[21.053s] Level 1:colcon.colcon_core.environment:checking '/home/man1/ASDfR/install/lightdetector' for CMake module files
[21.053s] Level 1:colcon.colcon_core.environment:checking '/home/man1/ASDfR/install/lightdetector' for CMake config files
[21.053s] Level 1:colcon.colcon_core.shell:create_environment_hook('lightdetector', 'cmake_prefix_path')
[21.054s] INFO:colcon.colcon_core.shell:Creating environment hook '/home/man1/ASDfR/install/lightdetector/share/lightdetector/hook/cmake_prefix_path.ps1'
[21.054s] INFO:colcon.colcon_core.shell:Creating environment descriptor '/home/man1/ASDfR/install/lightdetector/share/lightdetector/hook/cmake_prefix_path.dsv'
[21.054s] INFO:colcon.colcon_core.shell:Creating environment hook '/home/man1/ASDfR/install/lightdetector/share/lightdetector/hook/cmake_prefix_path.sh'
[21.055s] Level 1:colcon.colcon_core.environment:checking '/home/man1/ASDfR/install/lightdetector/lib'
[21.055s] Level 1:colcon.colcon_core.environment:checking '/home/man1/ASDfR/install/lightdetector/bin'
[21.055s] Level 1:colcon.colcon_core.environment:checking '/home/man1/ASDfR/install/lightdetector/lib/pkgconfig/lightdetector.pc'
[21.055s] Level 1:colcon.colcon_core.environment:checking '/home/man1/ASDfR/install/lightdetector/lib/python3.12/site-packages'
[21.055s] Level 1:colcon.colcon_core.environment:checking '/home/man1/ASDfR/install/lightdetector/bin'
[21.055s] INFO:colcon.colcon_core.shell:Creating package script '/home/man1/ASDfR/install/lightdetector/share/lightdetector/package.ps1'
[21.056s] INFO:colcon.colcon_core.shell:Creating package descriptor '/home/man1/ASDfR/install/lightdetector/share/lightdetector/package.dsv'
[21.056s] INFO:colcon.colcon_core.shell:Creating package script '/home/man1/ASDfR/install/lightdetector/share/lightdetector/package.sh'
[21.057s] INFO:colcon.colcon_core.shell:Creating package script '/home/man1/ASDfR/install/lightdetector/share/lightdetector/package.bash'
[21.057s] INFO:colcon.colcon_core.shell:Creating package script '/home/man1/ASDfR/install/lightdetector/share/lightdetector/package.zsh'
[21.057s] Level 1:colcon.colcon_core.environment:create_file_with_runtime_dependencies(/home/man1/ASDfR/install/lightdetector/share/colcon-core/packages/lightdetector)
[21.067s] DEBUG:colcon.colcon_core.event_handler.log_command:Invoked command in '/home/man1/ASDfR/build/asg1_2' returned '0': CMAKE_PREFIX_PATH=${CMAKE_PREFIX_PATH}:/opt/ros/jazzy DEBUGINFOD_URLS=https://debuginfod.ubuntu.com /usr/bin/cmake --build /home/man1/ASDfR/build/asg1_2 -- -j12 -l12
[21.069s] DEBUG:colcon.colcon_core.event_handler.log_command:Invoking command in '/home/man1/ASDfR/build/asg1_2': CMAKE_PREFIX_PATH=${CMAKE_PREFIX_PATH}:/opt/ros/jazzy DEBUGINFOD_URLS=https://debuginfod.ubuntu.com /usr/bin/cmake --install /home/man1/ASDfR/build/asg1_2
[21.103s] Level 1:colcon.colcon_core.environment:create_environment_scripts_only(asg1_2)
[21.103s] Level 1:colcon.colcon_core.environment:checking '/home/man1/ASDfR/install/asg1_2' for CMake module files
[21.104s] DEBUG:colcon.colcon_core.event_handler.log_command:Invoked command in '/home/man1/ASDfR/build/asg1_2' returned '0': CMAKE_PREFIX_PATH=${CMAKE_PREFIX_PATH}:/opt/ros/jazzy DEBUGINFOD_URLS=https://debuginfod.ubuntu.com /usr/bin/cmake --install /home/man1/ASDfR/build/asg1_2
[21.105s] Level 1:colcon.colcon_core.environment:checking '/home/man1/ASDfR/install/asg1_2' for CMake config files
[21.105s] Level 1:colcon.colcon_core.shell:create_environment_hook('asg1_2', 'cmake_prefix_path')
[21.106s] INFO:colcon.colcon_core.shell:Creating environment hook '/home/man1/ASDfR/install/asg1_2/share/asg1_2/hook/cmake_prefix_path.ps1'
[21.106s] INFO:colcon.colcon_core.shell:Creating environment descriptor '/home/man1/ASDfR/install/asg1_2/share/asg1_2/hook/cmake_prefix_path.dsv'
[21.107s] INFO:colcon.colcon_core.shell:Creating environment hook '/home/man1/ASDfR/install/asg1_2/share/asg1_2/hook/cmake_prefix_path.sh'
[21.107s] Level 1:colcon.colcon_core.environment:checking '/home/man1/ASDfR/install/asg1_2/lib'
[21.107s] Level 1:colcon.colcon_core.environment:checking '/home/man1/ASDfR/install/asg1_2/bin'
[21.108s] Level 1:colcon.colcon_core.environment:checking '/home/man1/ASDfR/install/asg1_2/lib/pkgconfig/asg1_2.pc'
[21.108s] Level 1:colcon.colcon_core.environment:checking '/home/man1/ASDfR/install/asg1_2/lib/python3.12/site-packages'
[21.108s] Level 1:colcon.colcon_core.environment:checking '/home/man1/ASDfR/install/asg1_2/bin'
[21.109s] INFO:colcon.colcon_core.shell:Creating package script '/home/man1/ASDfR/install/asg1_2/share/asg1_2/package.ps1'
[21.109s] INFO:colcon.colcon_core.shell:Creating package descriptor '/home/man1/ASDfR/install/asg1_2/share/asg1_2/package.dsv'
[21.110s] INFO:colcon.colcon_core.shell:Creating package script '/home/man1/ASDfR/install/asg1_2/share/asg1_2/package.sh'
[21.110s] INFO:colcon.colcon_core.shell:Creating package script '/home/man1/ASDfR/install/asg1_2/share/asg1_2/package.bash'
[21.111s] INFO:colcon.colcon_core.shell:Creating package script '/home/man1/ASDfR/install/asg1_2/share/asg1_2/package.zsh'
[21.111s] Level 1:colcon.colcon_core.environment:create_file_with_runtime_dependencies(/home/man1/ASDfR/install/asg1_2/share/colcon-core/packages/asg1_2)
[21.112s] Level 1:colcon.colcon_core.environment:create_environment_scripts_only(asg1_2)
[21.112s] Level 1:colcon.colcon_core.environment:checking '/home/man1/ASDfR/install/asg1_2' for CMake module files
[21.113s] Level 1:colcon.colcon_core.environment:checking '/home/man1/ASDfR/install/asg1_2' for CMake config files
[21.113s] Level 1:colcon.colcon_core.shell:create_environment_hook('asg1_2', 'cmake_prefix_path')
[21.113s] INFO:colcon.colcon_core.shell:Creating environment hook '/home/man1/ASDfR/install/asg1_2/share/asg1_2/hook/cmake_prefix_path.ps1'
[21.114s] INFO:colcon.colcon_core.shell:Creating environment descriptor '/home/man1/ASDfR/install/asg1_2/share/asg1_2/hook/cmake_prefix_path.dsv'
[21.115s] INFO:colcon.colcon_core.shell:Creating environment hook '/home/man1/ASDfR/install/asg1_2/share/asg1_2/hook/cmake_prefix_path.sh'
[21.116s] Level 1:colcon.colcon_core.environment:checking '/home/man1/ASDfR/install/asg1_2/lib'
[21.116s] Level 1:colcon.colcon_core.environment:checking '/home/man1/ASDfR/install/asg1_2/bin'
[21.116s] Level 1:colcon.colcon_core.environment:checking '/home/man1/ASDfR/install/asg1_2/lib/pkgconfig/asg1_2.pc'
[21.117s] Level 1:colcon.colcon_core.environment:checking '/home/man1/ASDfR/install/asg1_2/lib/python3.12/site-packages'
[21.117s] Level 1:colcon.colcon_core.environment:checking '/home/man1/ASDfR/install/asg1_2/bin'
[21.117s] INFO:colcon.colcon_core.shell:Creating package script '/home/man1/ASDfR/install/asg1_2/share/asg1_2/package.ps1'
[21.118s] INFO:colcon.colcon_core.shell:Creating package descriptor '/home/man1/ASDfR/install/asg1_2/share/asg1_2/package.dsv'
[21.119s] INFO:colcon.colcon_core.shell:Creating package script '/home/man1/ASDfR/install/asg1_2/share/asg1_2/package.sh'
[21.120s] INFO:colcon.colcon_core.shell:Creating package script '/home/man1/ASDfR/install/asg1_2/share/asg1_2/package.bash'
[21.120s] INFO:colcon.colcon_core.shell:Creating package script '/home/man1/ASDfR/install/asg1_2/share/asg1_2/package.zsh'
[21.121s] Level 1:colcon.colcon_core.environment:create_file_with_runtime_dependencies(/home/man1/ASDfR/install/asg1_2/share/colcon-core/packages/asg1_2)
[26.452s] DEBUG:colcon.colcon_core.event_handler.log_command:Invoked command in '/home/man1/ASDfR/build/cam2image_vm2ros' returned '0': CMAKE_PREFIX_PATH=${CMAKE_PREFIX_PATH}:/opt/ros/jazzy DEBUGINFOD_URLS=https://debuginfod.ubuntu.com /usr/bin/cmake --build /home/man1/ASDfR/build/cam2image_vm2ros -- -j12 -l12
[26.454s] DEBUG:colcon.colcon_core.event_handler.log_command:Invoking command in '/home/man1/ASDfR/build/cam2image_vm2ros': CMAKE_PREFIX_PATH=${CMAKE_PREFIX_PATH}:/opt/ros/jazzy DEBUGINFOD_URLS=https://debuginfod.ubuntu.com /usr/bin/cmake --install /home/man1/ASDfR/build/cam2image_vm2ros
[26.483s] Level 1:colcon.colcon_core.environment:create_environment_scripts_only(cam2image_vm2ros)
[26.484s] Level 1:colcon.colcon_core.environment:checking '/home/man1/ASDfR/install/cam2image_vm2ros' for CMake module files
[26.484s] DEBUG:colcon.colcon_core.event_handler.log_command:Invoked command in '/home/man1/ASDfR/build/cam2image_vm2ros' returned '0': CMAKE_PREFIX_PATH=${CMAKE_PREFIX_PATH}:/opt/ros/jazzy DEBUGINFOD_URLS=https://debuginfod.ubuntu.com /usr/bin/cmake --install /home/man1/ASDfR/build/cam2image_vm2ros
[26.485s] Level 1:colcon.colcon_core.environment:checking '/home/man1/ASDfR/install/cam2image_vm2ros' for CMake config files
[26.485s] Level 1:colcon.colcon_core.shell:create_environment_hook('cam2image_vm2ros', 'cmake_prefix_path')
[26.485s] INFO:colcon.colcon_core.shell:Creating environment hook '/home/man1/ASDfR/install/cam2image_vm2ros/share/cam2image_vm2ros/hook/cmake_prefix_path.ps1'
[26.485s] INFO:colcon.colcon_core.shell:Creating environment descriptor '/home/man1/ASDfR/install/cam2image_vm2ros/share/cam2image_vm2ros/hook/cmake_prefix_path.dsv'
[26.486s] INFO:colcon.colcon_core.shell:Creating environment hook '/home/man1/ASDfR/install/cam2image_vm2ros/share/cam2image_vm2ros/hook/cmake_prefix_path.sh'
[26.486s] Level 1:colcon.colcon_core.environment:checking '/home/man1/ASDfR/install/cam2image_vm2ros/lib'
[26.486s] Level 1:colcon.colcon_core.shell:create_environment_hook('cam2image_vm2ros', 'ld_library_path_lib')
[26.486s] INFO:colcon.colcon_core.shell:Creating environment hook '/home/man1/ASDfR/install/cam2image_vm2ros/share/cam2image_vm2ros/hook/ld_library_path_lib.ps1'
[26.487s] INFO:colcon.colcon_core.shell:Creating environment descriptor '/home/man1/ASDfR/install/cam2image_vm2ros/share/cam2image_vm2ros/hook/ld_library_path_lib.dsv'
[26.487s] INFO:colcon.colcon_core.shell:Creating environment hook '/home/man1/ASDfR/install/cam2image_vm2ros/share/cam2image_vm2ros/hook/ld_library_path_lib.sh'
[26.487s] Level 1:colcon.colcon_core.environment:checking '/home/man1/ASDfR/install/cam2image_vm2ros/bin'
[26.487s] Level 1:colcon.colcon_core.environment:checking '/home/man1/ASDfR/install/cam2image_vm2ros/lib/pkgconfig/cam2image_vm2ros.pc'
[26.488s] Level 1:colcon.colcon_core.environment:checking '/home/man1/ASDfR/install/cam2image_vm2ros/lib/python3.12/site-packages'
[26.488s] Level 1:colcon.colcon_core.environment:checking '/home/man1/ASDfR/install/cam2image_vm2ros/bin'
[26.488s] INFO:colcon.colcon_core.shell:Creating package script '/home/man1/ASDfR/install/cam2image_vm2ros/share/cam2image_vm2ros/package.ps1'
[26.489s] INFO:colcon.colcon_core.shell:Creating package descriptor '/home/man1/ASDfR/install/cam2image_vm2ros/share/cam2image_vm2ros/package.dsv'
[26.489s] INFO:colcon.colcon_core.shell:Creating package script '/home/man1/ASDfR/install/cam2image_vm2ros/share/cam2image_vm2ros/package.sh'
[26.489s] INFO:colcon.colcon_core.shell:Creating package script '/home/man1/ASDfR/install/cam2image_vm2ros/share/cam2image_vm2ros/package.bash'
[26.490s] INFO:colcon.colcon_core.shell:Creating package script '/home/man1/ASDfR/install/cam2image_vm2ros/share/cam2image_vm2ros/package.zsh'
[26.490s] Level 1:colcon.colcon_core.environment:create_file_with_runtime_dependencies(/home/man1/ASDfR/install/cam2image_vm2ros/share/colcon-core/packages/cam2image_vm2ros)
[26.490s] Level 1:colcon.colcon_core.environment:create_environment_scripts_only(cam2image_vm2ros)
[26.491s] Level 1:colcon.colcon_core.environment:checking '/home/man1/ASDfR/install/cam2image_vm2ros' for CMake module files
[26.491s] Level 1:colcon.colcon_core.environment:checking '/home/man1/ASDfR/install/cam2image_vm2ros' for CMake config files
[26.491s] Level 1:colcon.colcon_core.shell:create_environment_hook('cam2image_vm2ros', 'cmake_prefix_path')
[26.491s] INFO:colcon.colcon_core.shell:Creating environment hook '/home/man1/ASDfR/install/cam2image_vm2ros/share/cam2image_vm2ros/hook/cmake_prefix_path.ps1'
[26.492s] INFO:colcon.colcon_core.shell:Creating environment descriptor '/home/man1/ASDfR/install/cam2image_vm2ros/share/cam2image_vm2ros/hook/cmake_prefix_path.dsv'
[26.492s] INFO:colcon.colcon_core.shell:Creating environment hook '/home/man1/ASDfR/install/cam2image_vm2ros/share/cam2image_vm2ros/hook/cmake_prefix_path.sh'
[26.493s] Level 1:colcon.colcon_core.environment:checking '/home/man1/ASDfR/install/cam2image_vm2ros/lib'
[26.493s] Level 1:colcon.colcon_core.shell:create_environment_hook('cam2image_vm2ros', 'ld_library_path_lib')
[26.493s] INFO:colcon.colcon_core.shell:Creating environment hook '/home/man1/ASDfR/install/cam2image_vm2ros/share/cam2image_vm2ros/hook/ld_library_path_lib.ps1'
[26.493s] INFO:colcon.colcon_core.shell:Creating environment descriptor '/home/man1/ASDfR/install/cam2image_vm2ros/share/cam2image_vm2ros/hook/ld_library_path_lib.dsv'
[26.494s] INFO:colcon.colcon_core.shell:Creating environment hook '/home/man1/ASDfR/install/cam2image_vm2ros/share/cam2image_vm2ros/hook/ld_library_path_lib.sh'
[26.494s] Level 1:colcon.colcon_core.environment:checking '/home/man1/ASDfR/install/cam2image_vm2ros/bin'
[26.494s] Level 1:colcon.colcon_core.environment:checking '/home/man1/ASDfR/install/cam2image_vm2ros/lib/pkgconfig/cam2image_vm2ros.pc'
[26.494s] Level 1:colcon.colcon_core.environment:checking '/home/man1/ASDfR/install/cam2image_vm2ros/lib/python3.12/site-packages'
[26.494s] Level 1:colcon.colcon_core.environment:checking '/home/man1/ASDfR/install/cam2image_vm2ros/bin'
[26.495s] INFO:colcon.colcon_core.shell:Creating package script '/home/man1/ASDfR/install/cam2image_vm2ros/share/cam2image_vm2ros/package.ps1'
[26.495s] INFO:colcon.colcon_core.shell:Creating package descriptor '/home/man1/ASDfR/install/cam2image_vm2ros/share/cam2image_vm2ros/package.dsv'
[26.495s] INFO:colcon.colcon_core.shell:Creating package script '/home/man1/ASDfR/install/cam2image_vm2ros/share/cam2image_vm2ros/package.sh'
[26.496s] INFO:colcon.colcon_core.shell:Creating package script '/home/man1/ASDfR/install/cam2image_vm2ros/share/cam2image_vm2ros/package.bash'
[26.496s] INFO:colcon.colcon_core.shell:Creating package script '/home/man1/ASDfR/install/cam2image_vm2ros/share/cam2image_vm2ros/package.zsh'
[26.497s] Level 1:colcon.colcon_core.environment:create_file_with_runtime_dependencies(/home/man1/ASDfR/install/cam2image_vm2ros/share/colcon-core/packages/cam2image_vm2ros)
[30.366s] DEBUG:colcon.colcon_core.event_handler.log_command:Invoked command in '/home/man1/ASDfR/build/relbot_simulator' returned '0': CMAKE_PREFIX_PATH=${CMAKE_PREFIX_PATH}:/opt/ros/jazzy DEBUGINFOD_URLS=https://debuginfod.ubuntu.com /usr/bin/cmake --build /home/man1/ASDfR/build/relbot_simulator -- -j12 -l12
[30.367s] DEBUG:colcon.colcon_core.event_handler.log_command:Invoking command in '/home/man1/ASDfR/build/relbot_simulator': CMAKE_PREFIX_PATH=${CMAKE_PREFIX_PATH}:/opt/ros/jazzy DEBUGINFOD_URLS=https://debuginfod.ubuntu.com /usr/bin/cmake --install /home/man1/ASDfR/build/relbot_simulator
[30.398s] Level 1:colcon.colcon_core.environment:create_environment_scripts_only(relbot_simulator)
[30.398s] Level 1:colcon.colcon_core.environment:checking '/home/man1/ASDfR/install/relbot_simulator' for CMake module files
[30.399s] DEBUG:colcon.colcon_core.event_handler.log_command:Invoked command in '/home/man1/ASDfR/build/relbot_simulator' returned '0': CMAKE_PREFIX_PATH=${CMAKE_PREFIX_PATH}:/opt/ros/jazzy DEBUGINFOD_URLS=https://debuginfod.ubuntu.com /usr/bin/cmake --install /home/man1/ASDfR/build/relbot_simulator
[30.400s] Level 1:colcon.colcon_core.environment:checking '/home/man1/ASDfR/install/relbot_simulator' for CMake config files
[30.400s] Level 1:colcon.colcon_core.shell:create_environment_hook('relbot_simulator', 'cmake_prefix_path')
[30.400s] INFO:colcon.colcon_core.shell:Creating environment hook '/home/man1/ASDfR/install/relbot_simulator/share/relbot_simulator/hook/cmake_prefix_path.ps1'
[30.400s] INFO:colcon.colcon_core.shell:Creating environment descriptor '/home/man1/ASDfR/install/relbot_simulator/share/relbot_simulator/hook/cmake_prefix_path.dsv'
[30.401s] INFO:colcon.colcon_core.shell:Creating environment hook '/home/man1/ASDfR/install/relbot_simulator/share/relbot_simulator/hook/cmake_prefix_path.sh'
[30.401s] Level 1:colcon.colcon_core.environment:checking '/home/man1/ASDfR/install/relbot_simulator/lib'
[30.401s] Level 1:colcon.colcon_core.environment:checking '/home/man1/ASDfR/install/relbot_simulator/bin'
[30.401s] Level 1:colcon.colcon_core.environment:checking '/home/man1/ASDfR/install/relbot_simulator/lib/pkgconfig/relbot_simulator.pc'
[30.401s] Level 1:colcon.colcon_core.environment:checking '/home/man1/ASDfR/install/relbot_simulator/lib/python3.12/site-packages'
[30.402s] Level 1:colcon.colcon_core.environment:checking '/home/man1/ASDfR/install/relbot_simulator/bin'
[30.402s] INFO:colcon.colcon_core.shell:Creating package script '/home/man1/ASDfR/install/relbot_simulator/share/relbot_simulator/package.ps1'
[30.402s] INFO:colcon.colcon_core.shell:Creating package descriptor '/home/man1/ASDfR/install/relbot_simulator/share/relbot_simulator/package.dsv'
[30.402s] INFO:colcon.colcon_core.shell:Creating package script '/home/man1/ASDfR/install/relbot_simulator/share/relbot_simulator/package.sh'
[30.403s] INFO:colcon.colcon_core.shell:Creating package script '/home/man1/ASDfR/install/relbot_simulator/share/relbot_simulator/package.bash'
[30.403s] INFO:colcon.colcon_core.shell:Creating package script '/home/man1/ASDfR/install/relbot_simulator/share/relbot_simulator/package.zsh'
[30.403s] Level 1:colcon.colcon_core.environment:create_file_with_runtime_dependencies(/home/man1/ASDfR/install/relbot_simulator/share/colcon-core/packages/relbot_simulator)
[30.404s] Level 1:colcon.colcon_core.environment:create_environment_scripts_only(relbot_simulator)
[30.404s] Level 1:colcon.colcon_core.environment:checking '/home/man1/ASDfR/install/relbot_simulator' for CMake module files
[30.404s] Level 1:colcon.colcon_core.environment:checking '/home/man1/ASDfR/install/relbot_simulator' for CMake config files
[30.405s] Level 1:colcon.colcon_core.shell:create_environment_hook('relbot_simulator', 'cmake_prefix_path')
[30.405s] INFO:colcon.colcon_core.shell:Creating environment hook '/home/man1/ASDfR/install/relbot_simulator/share/relbot_simulator/hook/cmake_prefix_path.ps1'
[30.405s] INFO:colcon.colcon_core.shell:Creating environment descriptor '/home/man1/ASDfR/install/relbot_simulator/share/relbot_simulator/hook/cmake_prefix_path.dsv'
[30.405s] INFO:colcon.colcon_core.shell:Creating environment hook '/home/man1/ASDfR/install/relbot_simulator/share/relbot_simulator/hook/cmake_prefix_path.sh'
[30.406s] Level 1:colcon.colcon_core.environment:checking '/home/man1/ASDfR/install/relbot_simulator/lib'
[30.406s] Level 1:colcon.colcon_core.environment:checking '/home/man1/ASDfR/install/relbot_simulator/bin'
[30.406s] Level 1:colcon.colcon_core.environment:checking '/home/man1/ASDfR/install/relbot_simulator/lib/pkgconfig/relbot_simulator.pc'
[30.406s] Level 1:colcon.colcon_core.environment:checking '/home/man1/ASDfR/install/relbot_simulator/lib/python3.12/site-packages'
[30.406s] Level 1:colcon.colcon_core.environment:checking '/home/man1/ASDfR/install/relbot_simulator/bin'
[30.406s] INFO:colcon.colcon_core.shell:Creating package script '/home/man1/ASDfR/install/relbot_simulator/share/relbot_simulator/package.ps1'
[30.407s] INFO:colcon.colcon_core.shell:Creating package descriptor '/home/man1/ASDfR/install/relbot_simulator/share/relbot_simulator/package.dsv'
[30.407s] INFO:colcon.colcon_core.shell:Creating package script '/home/man1/ASDfR/install/relbot_simulator/share/relbot_simulator/package.sh'
[30.408s] INFO:colcon.colcon_core.shell:Creating package script '/home/man1/ASDfR/install/relbot_simulator/share/relbot_simulator/package.bash'
[30.408s] INFO:colcon.colcon_core.shell:Creating package script '/home/man1/ASDfR/install/relbot_simulator/share/relbot_simulator/package.zsh'
[30.408s] Level 1:colcon.colcon_core.environment:create_file_with_runtime_dependencies(/home/man1/ASDfR/install/relbot_simulator/share/colcon-core/packages/relbot_simulator)
[30.409s] DEBUG:colcon.colcon_parallel_executor.executor.parallel:closing loop
[30.410s] DEBUG:colcon.colcon_parallel_executor.executor.parallel:loop closed
[30.410s] DEBUG:colcon.colcon_parallel_executor.executor.parallel:run_until_complete finished with '0'
[30.410s] DEBUG:colcon.colcon_core.event_reactor:joining thread
[30.443s] INFO:colcon.colcon_core.plugin_system:Skipping extension 'colcon_notification.desktop_notification.terminal_notifier': Not used on non-Darwin systems
[30.444s] INFO:colcon.colcon_core.plugin_system:Skipping extension 'colcon_notification.desktop_notification.win32': Not used on non-Windows systems
[30.444s] INFO:colcon.colcon_notification.desktop_notification:Sending desktop notification using 'notify2'
[30.601s] DEBUG:colcon.colcon_core.event_reactor:joined thread
[30.602s] INFO:colcon.colcon_core.shell:Creating prefix script '/home/man1/ASDfR/install/local_setup.ps1'
[30.603s] INFO:colcon.colcon_core.shell:Creating prefix util module '/home/man1/ASDfR/install/_local_setup_util_ps1.py'
[30.604s] INFO:colcon.colcon_core.shell:Creating prefix chain script '/home/man1/ASDfR/install/setup.ps1'
[30.606s] INFO:colcon.colcon_core.shell:Creating prefix script '/home/man1/ASDfR/install/local_setup.sh'
[30.607s] INFO:colcon.colcon_core.shell:Creating prefix util module '/home/man1/ASDfR/install/_local_setup_util_sh.py'
[30.607s] INFO:colcon.colcon_core.shell:Creating prefix chain script '/home/man1/ASDfR/install/setup.sh'
[30.608s] INFO:colcon.colcon_core.shell:Creating prefix script '/home/man1/ASDfR/install/local_setup.bash'
[30.609s] INFO:colcon.colcon_core.shell:Creating prefix chain script '/home/man1/ASDfR/install/setup.bash'
[30.610s] INFO:colcon.colcon_core.shell:Creating prefix script '/home/man1/ASDfR/install/local_setup.zsh'
[30.610s] INFO:colcon.colcon_core.shell:Creating prefix chain script '/home/man1/ASDfR/install/setup.zsh'
